#
# There is insufficient memory for the Java Runtime Environment to continue.
# Native memory allocation (malloc) failed to allocate 299024 bytes for Chunk::new
# Possible reasons:
#   The system is out of physical RAM or swap space
#   In 32 bit mode, the process size limit was hit
# Possible solutions:
#   Reduce memory load on the system
#   Increase physical memory or swap space
#   Check if swap backing store is full
#   Use 64 bit Java on a 64 bit OS
#   Decrease Java heap size (-Xmx/-Xms)
#   Decrease number of Java threads
#   Decrease Java thread stack sizes (-Xss)
#   Set larger code cache with -XX:ReservedCodeCacheSize=
# This output file may be truncated or incomplete.
#
#  Out of Memory Error (allocation.cpp:390), pid=8336, tid=4952
#
# JRE version: Java(TM) SE Runtime Environment (8.0_31-b13) (build 1.8.0_31-b13)
# Java VM: Java HotSpot(TM) 64-Bit Server VM (25.31-b07 mixed mode windows-amd64 compressed oops)
# Failed to write core dump. Minidumps are not enabled by default on client versions of Windows
#

---------------  T H R E A D  ---------------

Current thread (0x000000001739b000):  JavaThread "C2 CompilerThread2" daemon [_thread_in_native, id=4952, stack(0x0000000017b20000,0x0000000017c20000)]

Stack: [0x0000000017b20000,0x0000000017c20000]
Native frames: (J=compiled Java code, j=interpreted, Vv=VM code, C=native code)
V  [jvm.dll+0x3169ba]


Current CompileTask:
C2:   4844 1290       4       com.android.dx.ssa.back.FirstFitLocalCombiningAllocator$1::processInsn (169 bytes)


---------------  P R O C E S S  ---------------

Java Threads: ( => current thread )
  0x00000000173b3800 JavaThread "Service Thread" daemon [_thread_blocked, id=2392, stack(0x0000000017d20000,0x0000000017e20000)]
  0x00000000173a7800 JavaThread "C1 CompilerThread3" daemon [_thread_blocked, id=5372, stack(0x0000000017c20000,0x0000000017d20000)]
=>0x000000001739b000 JavaThread "C2 CompilerThread2" daemon [_thread_in_native, id=4952, stack(0x0000000017b20000,0x0000000017c20000)]
  0x0000000017398800 JavaThread "C2 CompilerThread1" daemon [_thread_blocked, id=7780, stack(0x0000000017a20000,0x0000000017b20000)]
  0x0000000017348000 JavaThread "C2 CompilerThread0" daemon [_thread_in_native, id=8520, stack(0x0000000017920000,0x0000000017a20000)]
  0x0000000017345800 JavaThread "Attach Listener" daemon [_thread_blocked, id=3140, stack(0x0000000017820000,0x0000000017920000)]
  0x0000000017344800 JavaThread "Signal Dispatcher" daemon [_thread_blocked, id=9540, stack(0x0000000017720000,0x0000000017820000)]
  0x0000000002817800 JavaThread "Finalizer" daemon [_thread_blocked, id=3476, stack(0x0000000017220000,0x0000000017320000)]
  0x0000000002811000 JavaThread "Reference Handler" daemon [_thread_blocked, id=9884, stack(0x0000000017120000,0x0000000017220000)]
  0x0000000002720800 JavaThread "main" [_thread_in_Java, id=8480, stack(0x0000000002620000,0x0000000002720000)]

Other Threads:
  0x0000000015338800 VMThread [stack: 0x0000000017020000,0x0000000017120000] [id=5912]
  0x00000000173b4000 WatcherThread [stack: 0x0000000017e20000,0x0000000017f20000] [id=9788]

VM state:not at safepoint (normal execution)

VM Mutex/Monitor currently owned by a thread: None

Heap:
 PSYoungGen      total 38400K, used 28057K [0x00000000eab00000, 0x00000000ed580000, 0x0000000100000000)
  eden space 33280K, 84% used [0x00000000eab00000,0x00000000ec6664c0,0x00000000ecb80000)
  from space 5120K, 0% used [0x00000000ed080000,0x00000000ed080000,0x00000000ed580000)
  to   space 5120K, 0% used [0x00000000ecb80000,0x00000000ecb80000,0x00000000ed080000)
 ParOldGen       total 87552K, used 0K [0x00000000c0000000, 0x00000000c5580000, 0x00000000eab00000)
  object space 87552K, 0% used [0x00000000c0000000,0x00000000c0000000,0x00000000c5580000)
 Metaspace       used 5671K, capacity 6960K, committed 7040K, reserved 1056768K
  class space    used 549K, capacity 616K, committed 640K, reserved 1048576K

Card table byte_map: [0x0000000011be0000,0x0000000011df0000] byte_map_base: 0x00000000115e0000

Marking Bits: (ParMarkBitMap*) 0x000000006d12d4f0
 Begin Bits: [0x0000000012750000, 0x0000000013750000)
 End Bits:   [0x0000000013750000, 0x0000000014750000)

Polling page: 0x00000000025a0000

CodeCache: size=245760Kb used=5382Kb max_used=5401Kb free=240377Kb
 bounds [0x0000000002820000, 0x0000000002d70000, 0x0000000011820000]
 total_blobs=1569 nmethods=1309 adapters=174
 compilation: enabled

Compilation events (10 events):
Event: 4.771 Thread 0x00000000173a7800 nmethod 1308 0x0000000002d595d0 code [0x0000000002d59720, 0x0000000002d598b0]
Event: 4.771 Thread 0x00000000173a7800 1309       3       com.android.dx.dex.file.EncodedMethod::<init> (68 bytes)
Event: 4.771 Thread 0x00000000173a7800 nmethod 1309 0x0000000002d59950 code [0x0000000002d59ae0, 0x0000000002d59f98]
Event: 4.771 Thread 0x00000000173a7800 1310       3       com.android.dx.dex.cf.AttributeTranslator::getMethodAnnotations (37 bytes)
Event: 4.772 Thread 0x00000000173a7800 nmethod 1310 0x0000000002d5a150 code [0x0000000002d5a440, 0x0000000002d5ba38]
Event: 4.772 Thread 0x00000000173a7800 1311       3       com.android.dx.dex.cf.AttributeTranslator::getParameterAnnotations (69 bytes)
Event: 4.773 Thread 0x00000000173a7800 nmethod 1311 0x0000000002d5c690 code [0x0000000002d5c8a0, 0x0000000002d5d218]
Event: 4.787 Thread 0x000000001739b000 nmethod 1287 0x0000000002d60f10 code [0x0000000002d610e0, 0x0000000002d61e78]
Event: 4.789 Thread 0x000000001739b000 1290       4       com.android.dx.ssa.back.FirstFitLocalCombiningAllocator$1::processInsn (169 bytes)
Event: 4.820 Thread 0x0000000017398800 nmethod 1278 0x0000000002d66a10 code [0x0000000002d66d60, 0x0000000002d68f40]

GC Heap History (0 events):
No events

Deoptimization events (3 events):
Event: 3.402 Thread 0x0000000002720800 Uncommon trap: reason=unloaded action=reinterpret pc=0x0000000002af291c method=com.android.dx.ssa.SsaRenamer$BlockRenamer.visitMoveInsn(Lcom/android/dx/ssa/NormalSsaInsn;)V @ 208
Event: 3.403 Thread 0x0000000002720800 Uncommon trap: reason=unreached action=reinterpret pc=0x0000000002adee84 method=com.android.dx.ssa.SsaInsn.getLocalAssignment()Lcom/android/dx/rop/code/RegisterSpec; @ 14
Event: 4.222 Thread 0x0000000002720800 Uncommon trap: reason=null_check action=make_not_entrant pc=0x0000000002ceb774 method=com.android.dx.ssa.SsaRenamer.getLocalForNewReg(I)Lcom/android/dx/rop/code/LocalItem; @ 19

Internal exceptions (10 events):
Event: 1.880 Thread 0x0000000002720800 Exception <a 'java/security/PrivilegedActionException'> (0x00000000eb332ee0) thrown at [C:\workspace\8-2-build-windows-amd64-cygwin\jdk8u31\2394\hotspot\src\share\vm\prims\jvm.cpp, line 1312]
Event: 1.904 Thread 0x0000000002720800 Exception <a 'java/security/PrivilegedActionException'> (0x00000000eb33f198) thrown at [C:\workspace\8-2-build-windows-amd64-cygwin\jdk8u31\2394\hotspot\src\share\vm\prims\jvm.cpp, line 1312]
Event: 1.922 Thread 0x0000000002720800 Exception <a 'java/security/PrivilegedActionException'> (0x00000000eb36c878) thrown at [C:\workspace\8-2-build-windows-amd64-cygwin\jdk8u31\2394\hotspot\src\share\vm\prims\jvm.cpp, line 1312]
Event: 2.055 Thread 0x0000000002720800 Exception <a 'java/security/PrivilegedActionException'> (0x00000000eb438dc8) thrown at [C:\workspace\8-2-build-windows-amd64-cygwin\jdk8u31\2394\hotspot\src\share\vm\prims\jvm.cpp, line 1312]
Event: 2.056 Thread 0x0000000002720800 Exception <a 'java/security/PrivilegedActionException'> (0x00000000eb43e968) thrown at [C:\workspace\8-2-build-windows-amd64-cygwin\jdk8u31\2394\hotspot\src\share\vm\prims\jvm.cpp, line 1312]
Event: 2.059 Thread 0x0000000002720800 Exception <a 'java/security/PrivilegedActionException'> (0x00000000eb448988) thrown at [C:\workspace\8-2-build-windows-amd64-cygwin\jdk8u31\2394\hotspot\src\share\vm\prims\jvm.cpp, line 1312]
Event: 3.098 Thread 0x0000000002720800 Exception <a 'java/security/PrivilegedActionException'> (0x00000000eb597bb8) thrown at [C:\workspace\8-2-build-windows-amd64-cygwin\jdk8u31\2394\hotspot\src\share\vm\prims\jvm.cpp, line 1312]
Event: 3.200 Thread 0x0000000002720800 Exception <a 'java/security/PrivilegedActionException'> (0x00000000eb78b8c0) thrown at [C:\workspace\8-2-build-windows-amd64-cygwin\jdk8u31\2394\hotspot\src\share\vm\prims\jvm.cpp, line 1312]
Event: 3.391 Thread 0x0000000002720800 Exception <a 'java/security/PrivilegedActionException'> (0x00000000ebdf9958) thrown at [C:\workspace\8-2-build-windows-amd64-cygwin\jdk8u31\2394\hotspot\src\share\vm\prims\jvm.cpp, line 1312]
Event: 4.222 Thread 0x0000000002720800 Implicit null exception at 0x0000000002cea24c to 0x0000000002ceb739

Events (10 events):
Event: 3.403 Thread 0x0000000002720800 Uncommon trap: trap_request=0xffffffad fr.pc=0x0000000002adee84
Event: 3.403 Thread 0x0000000002720800 DEOPT PACKING pc=0x0000000002adee84 sp=0x000000000271e7c0
Event: 3.403 Thread 0x0000000002720800 DEOPT UNPACKING pc=0x000000000286556a sp=0x000000000271e6b8 mode 2
Event: 4.222 Thread 0x0000000002720800 Uncommon trap: trap_request=0xfffffff4 fr.pc=0x0000000002ceb774
Event: 4.222 Thread 0x0000000002720800 DEOPT PACKING pc=0x0000000002ceb774 sp=0x000000000271e530
Event: 4.222 Thread 0x0000000002720800 DEOPT UNPACKING pc=0x000000000286556a sp=0x000000000271e388 mode 2
Event: 4.460 Executing VM operation: EnableBiasedLocking
Event: 4.741 Executing VM operation: EnableBiasedLocking done
Event: 4.751 Thread 0x0000000002720800 DEOPT PACKING pc=0x0000000002b9b0fc sp=0x000000000271e570
Event: 4.751 Thread 0x0000000002720800 DEOPT UNPACKING pc=0x00000000028675bf sp=0x000000000271e338 mode 0


Dynamic libraries:
0x00007ff795920000 - 0x00007ff795954000 	D:\Program Files\Java\jdk1.8.0_31\bin\java.exe
0x00007ffff2800000 - 0x00007ffff29ac000 	C:\Windows\SYSTEM32\ntdll.dll
0x00007fffeefa0000 - 0x00007fffef0de000 	C:\Windows\system32\KERNEL32.DLL
0x00007fffeea20000 - 0x00007fffeeb35000 	C:\Windows\system32\KERNELBASE.dll
0x00007fffed310000 - 0x00007fffed39e000 	C:\Windows\system32\apphelp.dll
0x00007fffd66c0000 - 0x00007fffd6713000 	C:\Windows\AppPatch\AppPatch64\AcGenral.DLL
0x00007fffeecb0000 - 0x00007fffeed5a000 	C:\Windows\system32\msvcrt.dll
0x00007fffee5a0000 - 0x00007fffee5ce000 	C:\Windows\SYSTEM32\SspiCli.dll
0x00007fffef510000 - 0x00007fffef564000 	C:\Windows\system32\SHLWAPI.dll
0x00007fffeee20000 - 0x00007fffeef97000 	C:\Windows\system32\USER32.dll
0x00007ffff13c0000 - 0x00007ffff1554000 	C:\Windows\system32\ole32.dll
0x00007fffefe20000 - 0x00007ffff1338000 	C:\Windows\system32\SHELL32.dll
0x00007fffee080000 - 0x00007fffee0a1000 	C:\Windows\SYSTEM32\USERENV.dll
0x00007fffef3f0000 - 0x00007fffef49a000 	C:\Windows\system32\ADVAPI32.dll
0x00007fffdfe30000 - 0x00007fffdfe4e000 	C:\Windows\SYSTEM32\MPR.dll
0x00007fffef6f0000 - 0x00007fffef831000 	C:\Windows\system32\RPCRT4.dll
0x00007ffff1350000 - 0x00007ffff13a9000 	C:\Windows\SYSTEM32\sechost.dll
0x00007fffef840000 - 0x00007fffefa51000 	C:\Windows\SYSTEM32\combase.dll
0x00007fffef570000 - 0x00007fffef6c1000 	C:\Windows\system32\GDI32.dll
0x00007fffee770000 - 0x00007fffee785000 	C:\Windows\SYSTEM32\profapi.dll
0x00007fffecce0000 - 0x00007fffecd92000 	C:\Windows\SYSTEM32\SHCORE.dll
0x00007fffefde0000 - 0x00007fffefe16000 	C:\Windows\system32\IMM32.DLL
0x00007fffefc80000 - 0x00007fffefdd2000 	C:\Windows\system32\MSCTF.dll
0x00007fffec3c0000 - 0x00007fffec63b000 	C:\Windows\WinSxS\amd64_microsoft.windows.common-controls_6595b64144ccf1df_6.0.9600.17415_none_6240486fecbd8abb\COMCTL32.dll
0x00007fffe1210000 - 0x00007fffe129d000 	C:\Program Files (x86)\AVG\AVG2015\avghooka.dll
0x000000006d1b0000 - 0x000000006d282000 	D:\Program Files\Java\jdk1.8.0_31\jre\bin\msvcr100.dll
0x000000006c950000 - 0x000000006d1aa000 	D:\Program Files\Java\jdk1.8.0_31\jre\bin\server\jvm.dll
0x00007fffe59c0000 - 0x00007fffe59c9000 	C:\Windows\SYSTEM32\WSOCK32.dll
0x00007fffea0a0000 - 0x00007fffea0c2000 	C:\Windows\SYSTEM32\WINMM.dll
0x00007fffeeca0000 - 0x00007fffeeca7000 	C:\Windows\system32\PSAPI.DLL
0x00007fffef2c0000 - 0x00007fffef31a000 	C:\Windows\system32\WS2_32.dll
0x00007fffe9ce0000 - 0x00007fffe9d0a000 	C:\Windows\SYSTEM32\WINMMBASE.dll
0x00007fffefa60000 - 0x00007fffefa69000 	C:\Windows\system32\NSI.dll
0x00007fffeec50000 - 0x00007fffeec9f000 	C:\Windows\SYSTEM32\cfgmgr32.dll
0x00007fffed590000 - 0x00007fffed5b8000 	C:\Windows\SYSTEM32\DEVOBJ.dll
0x000000006c940000 - 0x000000006c94f000 	D:\Program Files\Java\jdk1.8.0_31\jre\bin\verify.dll
0x000000006c910000 - 0x000000006c938000 	D:\Program Files\Java\jdk1.8.0_31\jre\bin\java.dll
0x000000006c8f0000 - 0x000000006c906000 	D:\Program Files\Java\jdk1.8.0_31\jre\bin\zip.dll
0x00007fffdfa10000 - 0x00007fffdfb9a000 	C:\Windows\SYSTEM32\dbghelp.dll

VM Arguments:
jvm_args: -Xmx1024M -Dfile.encoding=windows-1252 -Duser.country=GB -Duser.language=en -Duser.variant 
java_command: com.android.dx.command.Main --dex --output C:\Users\Qamaruz\IES2\app\build\intermediates\pre-dexed\debug\classes-16f205208882739fb298e8c5c847e59a47ec961f.jar C:\Users\Qamaruz\IES2\app\build\intermediates\exploded-aar\com.google.android.gms\play-services-maps\7.5.0\classes.jar
java_class_path (initial): C:\Users\Qamaruz\AppData\Local\Android\sdk\build-tools\22.0.1\lib\dx.jar
Launcher Type: SUN_STANDARD

Environment Variables:
PATH=C:\ProgramData\Oracle\Java\javapath;C:\Program Files (x86)\NVIDIA Corporation\PhysX\Common;C:\Program Files (x86)\Intel\iCLS Client\;C:\Program Files\Intel\iCLS Client\;C:\Windows\system32;C:\Windows;C:\Windows\System32\Wbem;C:\Windows\System32\WindowsPowerShell\v1.0\;C:\Program Files\Intel\Intel(R) Management Engine Components\DAL;C:\Program Files (x86)\Intel\Intel(R) Management Engine Components\DAL;C:\Program Files\Intel\Intel(R) Management Engine Components\IPT;C:\Program Files (x86)\Intel\Intel(R) Management Engine Components\IPT;C:\Program Files (x86)\Windows Live\Shared;C:\Program Files\Intel\WiFi\bin\;C:\Program Files\Common Files\Intel\WirelessCommon\;D:\Program Files (x86)\QuickTime\QTSystem\;D:\Program Files\Java\jdk1.8.0_31\bin;D:\wamp\bin\mysql\mysql5.6.17\bin;D:\Program Files\nodejs\;D:\Program Files (x86)\Git\cmd;C:\TDM-GCC-64\bin;C:\Program Files\Android\Android Studio\gradle\gradle-2.2.1\bin;C:\Program Files\Intel\WiFi\bin\;C:\Program Files\Common Files\Intel\WirelessCommon\;D:\Program Files (x86)\Nmap;C:\Users\Qamaruz\AppData\Roaming\npm
USERNAME=Qamaruz
OS=Windows_NT
PROCESSOR_IDENTIFIER=Intel64 Family 6 Model 60 Stepping 3, GenuineIntel



---------------  S Y S T E M  ---------------

OS: Windows 8.1 , 64 bit Build 9600 

CPU:total 8 (4 cores per cpu, 2 threads per core) family 6 model 60 stepping 3, cmov, cx8, fxsr, mmx, sse, sse2, sse3, ssse3, sse4.1, sse4.2, popcnt, avx, avx2, aes, clmul, erms, lzcnt, ht, tsc, tscinvbit, bmi1, bmi2

Memory: 4k page, physical 8300772k(2162612k free), swap 8300772k(5124k free)

vm_info: Java HotSpot(TM) 64-Bit Server VM (25.31-b07) for windows-amd64 JRE (1.8.0_31-b13), built on Dec 17 2014 21:00:28 by "java_re" with MS VC++ 10.0 (VS2010)

time: Fri Jun 05 11:01:12 2015
elapsed time: 4 seconds (0d 0h 0m 4s)

