#
# There is insufficient memory for the Java Runtime Environment to continue.
# Native memory allocation (malloc) failed to allocate 39920 bytes for Chunk::new
# Possible reasons:
#   The system is out of physical RAM or swap space
#   In 32 bit mode, the process size limit was hit
# Possible solutions:
#   Reduce memory load on the system
#   Increase physical memory or swap space
#   Check if swap backing store is full
#   Use 64 bit Java on a 64 bit OS
#   Decrease Java heap size (-Xmx/-Xms)
#   Decrease number of Java threads
#   Decrease Java thread stack sizes (-Xss)
#   Set larger code cache with -XX:ReservedCodeCacheSize=
# This output file may be truncated or incomplete.
#
#  Out of Memory Error (allocation.cpp:390), pid=1624, tid=4864
#
# JRE version: Java(TM) SE Runtime Environment (8.0_31-b13) (build 1.8.0_31-b13)
# Java VM: Java HotSpot(TM) 64-Bit Server VM (25.31-b07 mixed mode windows-amd64 compressed oops)
# Failed to write core dump. Minidumps are not enabled by default on client versions of Windows
#

---------------  T H R E A D  ---------------

Current thread (0x0000000017907000):  JavaThread "C2 CompilerThread0" daemon [_thread_in_native, id=4864, stack(0x0000000017ee0000,0x0000000017fe0000)]

Stack: [0x0000000017ee0000,0x0000000017fe0000]
Native frames: (J=compiled Java code, j=interpreted, Vv=VM code, C=native code)
V  [jvm.dll+0x3169ba]


Current CompileTask:
C2:   3978 1010       4       com.android.dx.ssa.back.LivenessAnalyzer::handleTailRecursion (94 bytes)


---------------  P R O C E S S  ---------------

Java Threads: ( => current thread )
  0x000000001796c000 JavaThread "Service Thread" daemon [_thread_blocked, id=4084, stack(0x00000000182e0000,0x00000000183e0000)]
  0x000000001795c800 JavaThread "C1 CompilerThread3" daemon [_thread_blocked, id=10220, stack(0x00000000181e0000,0x00000000182e0000)]
  0x000000001795a000 JavaThread "C2 CompilerThread2" daemon [_thread_in_native, id=9412, stack(0x00000000180e0000,0x00000000181e0000)]
  0x0000000017957000 JavaThread "C2 CompilerThread1" daemon [_thread_in_native, id=9896, stack(0x0000000017fe0000,0x00000000180e0000)]
=>0x0000000017907000 JavaThread "C2 CompilerThread0" daemon [_thread_in_native, id=4864, stack(0x0000000017ee0000,0x0000000017fe0000)]
  0x0000000017904800 JavaThread "Attach Listener" daemon [_thread_blocked, id=3432, stack(0x0000000017de0000,0x0000000017ee0000)]
  0x0000000017903000 JavaThread "Signal Dispatcher" daemon [_thread_blocked, id=9860, stack(0x0000000017ce0000,0x0000000017de0000)]
  0x0000000002cf7800 JavaThread "Finalizer" daemon [_thread_blocked, id=4896, stack(0x00000000177e0000,0x00000000178e0000)]
  0x0000000002cf1000 JavaThread "Reference Handler" daemon [_thread_blocked, id=9492, stack(0x00000000176e0000,0x00000000177e0000)]
  0x0000000002c00800 JavaThread "main" [_thread_in_vm, id=9868, stack(0x0000000002ab0000,0x0000000002bb0000)]

Other Threads:
  0x00000000158f8800 VMThread [stack: 0x00000000175e0000,0x00000000176e0000] [id=1120]
  0x000000001796d000 WatcherThread [stack: 0x00000000183e0000,0x00000000184e0000] [id=7828]

VM state:not at safepoint (normal execution)

VM Mutex/Monitor currently owned by a thread: None

Heap:
 PSYoungGen      total 38400K, used 17390K [0x00000000eab00000, 0x00000000ed580000, 0x0000000100000000)
  eden space 33280K, 52% used [0x00000000eab00000,0x00000000ebbfbaa8,0x00000000ecb80000)
  from space 5120K, 0% used [0x00000000ed080000,0x00000000ed080000,0x00000000ed580000)
  to   space 5120K, 0% used [0x00000000ecb80000,0x00000000ecb80000,0x00000000ed080000)
 ParOldGen       total 87552K, used 0K [0x00000000c0000000, 0x00000000c5580000, 0x00000000eab00000)
  object space 87552K, 0% used [0x00000000c0000000,0x00000000c0000000,0x00000000c5580000)
 Metaspace       used 5459K, capacity 6704K, committed 6784K, reserved 1056768K
  class space    used 547K, capacity 616K, committed 640K, reserved 1048576K

Card table byte_map: [0x00000000121a0000,0x00000000123b0000] byte_map_base: 0x0000000011ba0000

Marking Bits: (ParMarkBitMap*) 0x000000006c4ed4f0
 Begin Bits: [0x0000000012d10000, 0x0000000013d10000)
 End Bits:   [0x0000000013d10000, 0x0000000014d10000)

Polling page: 0x0000000001320000

CodeCache: size=245760Kb used=4016Kb max_used=4016Kb free=241743Kb
 bounds [0x0000000002de0000, 0x00000000031d0000, 0x0000000011de0000]
 total_blobs=1279 nmethods=1019 adapters=174
 compilation: enabled

Compilation events (10 events):
Event: 3.971 Thread 0x000000001795c800 1018       3       com.android.dx.cf.code.ByteCatchList::listFor (120 bytes)
Event: 3.972 Thread 0x000000001795c800 nmethod 1018 0x00000000031cae50 code [0x00000000031cb0e0, 0x00000000031cc588]
Event: 3.972 Thread 0x000000001795c800 1016       3       java.util.HashMap::resize (359 bytes)
Event: 3.973 Thread 0x000000001795c800 nmethod 1016 0x00000000031cd150 code [0x00000000031cd3a0, 0x00000000031ce5c8]
Event: 3.973 Thread 0x000000001795c800 1019       3       com.android.dx.cf.code.ByteCatchList::toTargetList (114 bytes)
Event: 3.974 Thread 0x000000001795c800 nmethod 1019 0x00000000031c7e10 code [0x00000000031c8040, 0x00000000031c8dc8]
Event: 3.974 Thread 0x000000001795c800 1021       3       com.android.dx.rop.code.BasicBlockList$RegCountVisitor::visitPlainCstInsn (6 bytes)
Event: 3.974 Thread 0x000000001795c800 nmethod 1021 0x00000000031c7a90 code [0x00000000031c7c00, 0x00000000031c7d88]
Event: 3.974 Thread 0x000000001795c800 1014       1       com.android.dx.cf.code.BaseMachine::getPrototype (5 bytes)
Event: 3.974 Thread 0x000000001795c800 nmethod 1014 0x00000000031ced10 code [0x00000000031cee60, 0x00000000031cef70]

GC Heap History (0 events):
No events

Deoptimization events (0 events):
No events

Internal exceptions (10 events):
Event: 3.035 Thread 0x0000000002c00800 Exception <a 'java/security/PrivilegedActionException'> (0x00000000eb326d00) thrown at [C:\workspace\8-2-build-windows-amd64-cygwin\jdk8u31\2394\hotspot\src\share\vm\prims\jvm.cpp, line 1312]
Event: 3.061 Thread 0x0000000002c00800 Exception <a 'java/security/PrivilegedActionException'> (0x00000000eb360478) thrown at [C:\workspace\8-2-build-windows-amd64-cygwin\jdk8u31\2394\hotspot\src\share\vm\prims\jvm.cpp, line 1312]
Event: 3.151 Thread 0x0000000002c00800 Exception <a 'java/security/PrivilegedActionException'> (0x00000000eb464ae0) thrown at [C:\workspace\8-2-build-windows-amd64-cygwin\jdk8u31\2394\hotspot\src\share\vm\prims\jvm.cpp, line 1312]
Event: 3.155 Thread 0x0000000002c00800 Exception <a 'java/security/PrivilegedActionException'> (0x00000000eb4815d8) thrown at [C:\workspace\8-2-build-windows-amd64-cygwin\jdk8u31\2394\hotspot\src\share\vm\prims\jvm.cpp, line 1312]
Event: 3.279 Thread 0x0000000002c00800 Exception <a 'java/security/PrivilegedActionException'> (0x00000000eb587488) thrown at [C:\workspace\8-2-build-windows-amd64-cygwin\jdk8u31\2394\hotspot\src\share\vm\prims\jvm.cpp, line 1312]
Event: 3.280 Thread 0x0000000002c00800 Exception <a 'java/security/PrivilegedActionException'> (0x00000000eb58be58) thrown at [C:\workspace\8-2-build-windows-amd64-cygwin\jdk8u31\2394\hotspot\src\share\vm\prims\jvm.cpp, line 1312]
Event: 3.326 Thread 0x0000000002c00800 Exception <a 'java/security/PrivilegedActionException'> (0x00000000eb610c40) thrown at [C:\workspace\8-2-build-windows-amd64-cygwin\jdk8u31\2394\hotspot\src\share\vm\prims\jvm.cpp, line 1312]
Event: 3.332 Thread 0x0000000002c00800 Exception <a 'java/security/PrivilegedActionException'> (0x00000000eb63b070) thrown at [C:\workspace\8-2-build-windows-amd64-cygwin\jdk8u31\2394\hotspot\src\share\vm\prims\jvm.cpp, line 1312]
Event: 3.345 Thread 0x0000000002c00800 Exception <a 'java/security/PrivilegedActionException'> (0x00000000eb682828) thrown at [C:\workspace\8-2-build-windows-amd64-cygwin\jdk8u31\2394\hotspot\src\share\vm\prims\jvm.cpp, line 1312]
Event: 3.399 Thread 0x0000000002c00800 Exception <a 'java/security/PrivilegedActionException'> (0x00000000eb7f5430) thrown at [C:\workspace\8-2-build-windows-amd64-cygwin\jdk8u31\2394\hotspot\src\share\vm\prims\jvm.cpp, line 1312]

Events (10 events):
Event: 3.348 loading class java/util/HashMap$Values
Event: 3.348 loading class java/util/HashMap$Values done
Event: 3.348 loading class java/util/HashMap$ValueIterator
Event: 3.348 loading class java/util/HashMap$ValueIterator done
Event: 3.371 Executing VM operation: ForceSafepoint
Event: 3.371 Executing VM operation: ForceSafepoint done
Event: 3.399 loading class com/android/dx/rop/code/RegOps
Event: 3.399 loading class com/android/dx/rop/code/RegOps done
Event: 3.827 Thread 0x0000000002c00800 DEOPT PACKING pc=0x00000000030d93a2 sp=0x0000000002bae710
Event: 3.827 Thread 0x0000000002c00800 DEOPT UNPACKING pc=0x0000000002e275bf sp=0x0000000002bae478 mode 0


Dynamic libraries:
0x00007ff762100000 - 0x00007ff762134000 	D:\Program Files\Java\jdk1.8.0_31\bin\java.exe
0x00007ff93fb30000 - 0x00007ff93fcdc000 	C:\Windows\SYSTEM32\ntdll.dll
0x00007ff93ce50000 - 0x00007ff93cf8e000 	C:\Windows\system32\KERNEL32.DLL
0x00007ff93bb10000 - 0x00007ff93bc25000 	C:\Windows\system32\KERNELBASE.dll
0x00007ff93a5e0000 - 0x00007ff93a66e000 	C:\Windows\system32\apphelp.dll
0x00007ff910c50000 - 0x00007ff910ca3000 	C:\Windows\AppPatch\AppPatch64\AcGenral.DLL
0x00007ff93e520000 - 0x00007ff93e5ca000 	C:\Windows\system32\msvcrt.dll
0x00007ff93b870000 - 0x00007ff93b89e000 	C:\Windows\SYSTEM32\SspiCli.dll
0x00007ff93e7c0000 - 0x00007ff93e814000 	C:\Windows\system32\SHLWAPI.dll
0x00007ff93bf70000 - 0x00007ff93c0e7000 	C:\Windows\system32\USER32.dll
0x00007ff93c0f0000 - 0x00007ff93c284000 	C:\Windows\system32\ole32.dll
0x00007ff93d000000 - 0x00007ff93e518000 	C:\Windows\system32\SHELL32.dll
0x00007ff93b040000 - 0x00007ff93b061000 	C:\Windows\SYSTEM32\USERENV.dll
0x00007ff93cda0000 - 0x00007ff93ce4a000 	C:\Windows\system32\ADVAPI32.dll
0x00007ff92ca60000 - 0x00007ff92ca7e000 	C:\Windows\SYSTEM32\MPR.dll
0x00007ff93c730000 - 0x00007ff93c871000 	C:\Windows\system32\RPCRT4.dll
0x00007ff93cfa0000 - 0x00007ff93cff9000 	C:\Windows\SYSTEM32\sechost.dll
0x00007ff93ca20000 - 0x00007ff93cc31000 	C:\Windows\SYSTEM32\combase.dll
0x00007ff93c440000 - 0x00007ff93c591000 	C:\Windows\system32\GDI32.dll
0x00007ff93ba40000 - 0x00007ff93ba55000 	C:\Windows\SYSTEM32\profapi.dll
0x00007ff939fb0000 - 0x00007ff93a062000 	C:\Windows\SYSTEM32\SHCORE.dll
0x00007ff93c660000 - 0x00007ff93c696000 	C:\Windows\system32\IMM32.DLL
0x00007ff93cc40000 - 0x00007ff93cd92000 	C:\Windows\system32\MSCTF.dll
0x00007ff939690000 - 0x00007ff93990a000 	C:\Windows\WinSxS\amd64_microsoft.windows.common-controls_6595b64144ccf1df_6.0.9600.17810_none_6240b9c7ecbd0bda\COMCTL32.dll
0x00007ff92dc00000 - 0x00007ff92dc8d000 	C:\Program Files (x86)\AVG\AVG2015\avghooka.dll
0x000000006c570000 - 0x000000006c642000 	D:\Program Files\Java\jdk1.8.0_31\jre\bin\msvcr100.dll
0x000000006bd10000 - 0x000000006c56a000 	D:\Program Files\Java\jdk1.8.0_31\jre\bin\server\jvm.dll
0x00007ff932380000 - 0x00007ff932389000 	C:\Windows\SYSTEM32\WSOCK32.dll
0x00007ff937310000 - 0x00007ff937332000 	C:\Windows\SYSTEM32\WINMM.dll
0x00007ff93e7b0000 - 0x00007ff93e7b7000 	C:\Windows\system32\PSAPI.DLL
0x00007ff93c950000 - 0x00007ff93c9aa000 	C:\Windows\system32\WS2_32.dll
0x00007ff937160000 - 0x00007ff93718a000 	C:\Windows\SYSTEM32\WINMMBASE.dll
0x00007ff93cf90000 - 0x00007ff93cf99000 	C:\Windows\system32\NSI.dll
0x00007ff93bf20000 - 0x00007ff93bf6f000 	C:\Windows\SYSTEM32\cfgmgr32.dll
0x00007ff93a840000 - 0x00007ff93a868000 	C:\Windows\SYSTEM32\DEVOBJ.dll
0x000000006bd00000 - 0x000000006bd0f000 	D:\Program Files\Java\jdk1.8.0_31\jre\bin\verify.dll
0x000000006bcd0000 - 0x000000006bcf8000 	D:\Program Files\Java\jdk1.8.0_31\jre\bin\java.dll
0x000000006bcb0000 - 0x000000006bcc6000 	D:\Program Files\Java\jdk1.8.0_31\jre\bin\zip.dll

VM Arguments:
jvm_args: -Xmx1024M -Dfile.encoding=windows-1252 -Duser.country=GB -Duser.language=en -Duser.variant 
java_command: com.android.dx.command.Main --dex --output C:\Users\Qamaruz\IES2\app\build\intermediates\pre-dexed\debug\classes-d9dca0dacb3f14a41f35701590db63007cc5dfa4.jar C:\Users\Qamaruz\IES2\app\build\intermediates\exploded-aar\com.google.android.gms\play-services-base\7.5.0\classes.jar
java_class_path (initial): C:\Users\Qamaruz\AppData\Local\Android\sdk\build-tools\22.0.1\lib\dx.jar
Launcher Type: SUN_STANDARD

Environment Variables:
PATH=C:\ProgramData\Oracle\Java\javapath;C:\Program Files (x86)\NVIDIA Corporation\PhysX\Common;C:\Program Files (x86)\Intel\iCLS Client\;C:\Program Files\Intel\iCLS Client\;C:\Windows\system32;C:\Windows;C:\Windows\System32\Wbem;C:\Windows\System32\WindowsPowerShell\v1.0\;C:\Program Files\Intel\Intel(R) Management Engine Components\DAL;C:\Program Files (x86)\Intel\Intel(R) Management Engine Components\DAL;C:\Program Files\Intel\Intel(R) Management Engine Components\IPT;C:\Program Files (x86)\Intel\Intel(R) Management Engine Components\IPT;C:\Program Files (x86)\Windows Live\Shared;C:\Program Files\Intel\WiFi\bin\;C:\Program Files\Common Files\Intel\WirelessCommon\;D:\Program Files (x86)\QuickTime\QTSystem\;D:\Program Files\Java\jdk1.8.0_31\bin;D:\wamp\bin\mysql\mysql5.6.17\bin;D:\Program Files\nodejs\;D:\Program Files (x86)\Git\cmd;C:\TDM-GCC-64\bin;C:\Program Files\Android\Android Studio\gradle\gradle-2.2.1\bin;C:\Program Files\Intel\WiFi\bin\;C:\Program Files\Common Files\Intel\WirelessCommon\;D:\Program Files (x86)\Nmap;C:\Users\Qamaruz\AppData\Roaming\npm
USERNAME=Qamaruz
OS=Windows_NT
PROCESSOR_IDENTIFIER=Intel64 Family 6 Model 60 Stepping 3, GenuineIntel



---------------  S Y S T E M  ---------------

OS: Windows 8.1 , 64 bit Build 9600 

CPU:total 8 (4 cores per cpu, 2 threads per core) family 6 model 60 stepping 3, cmov, cx8, fxsr, mmx, sse, sse2, sse3, ssse3, sse4.1, sse4.2, popcnt, avx, avx2, aes, clmul, erms, lzcnt, ht, tsc, tscinvbit, bmi1, bmi2

Memory: 4k page, physical 8300772k(1865540k free), swap 8300772k(5108k free)

vm_info: Java HotSpot(TM) 64-Bit Server VM (25.31-b07) for windows-amd64 JRE (1.8.0_31-b13), built on Dec 17 2014 21:00:28 by "java_re" with MS VC++ 10.0 (VS2010)

time: Wed Jun 24 14:30:35 2015
elapsed time: 3 seconds (0d 0h 0m 3s)

