#
# A fatal error has been detected by the Java Runtime Environment:
#
#  EXCEPTION_ACCESS_VIOLATION (0xc0000005) at pc=0x000000006cb4b107, pid=9840, tid=10064
#
# JRE version: Java(TM) SE Runtime Environment (8.0_31-b13) (build 1.8.0_31-b13)
# Java VM: Java HotSpot(TM) 64-Bit Server VM (25.31-b07 mixed mode windows-amd64 compressed oops)
# Problematic frame:
# V  [jvm.dll+0x1fb107]
#
# Failed to write core dump. Minidumps are not enabled by default on client versions of Windows
#
# If you would like to submit a bug report, please visit:
#   http://bugreport.java.com/bugreport/crash.jsp
#

---------------  T H R E A D  ---------------

Current thread (0x0000000016e84800):  JavaThread "Signal Dispatcher" daemon [_thread_in_vm, id=10064, stack(0x0000000017260000,0x0000000017360000)]

siginfo: ExceptionCode=0xc0000005, writing address 0x000000001735af70

Registers:
RAX=0x000000001735af70, RBX=0x0000000000000005, RCX=0x0000000000004000, RDX=0x0000000000000006
RSP=0x000000001735ef70, RBP=0x0000000000000000, RSI=0x000000001735ef70, RDI=0x0000000000000005
R8 =0x0000000000000006, R9 =0x0000000016e853f0, R10=0x00000000144bc8b8, R11=0x000000001726a150
R12=0x0000000016e853f0, R13=0x0000000016e84800, R14=0x000000001735f038, R15=0x00000000144bc8b8
RIP=0x000000006cb4b107, EFLAGS=0x0000000000010202

Top of Stack: (sp=0x000000001735ef70)
0x000000001735ef70:   0000000000000478 00007ffff283086d
0x000000001735ef80:   0000000016e84800 0000000016e853f0
0x000000001735ef90:   00000000ffffffff 000000006cb4c037
0x000000001735efa0:   000000001735f0a0 00000000144bc8b8
0x000000001735efb0:   0000000016e84800 000000006ca01fb3
0x000000001735efc0:   000000001735f000 0000000016e84800
0x000000001735efd0:   000000001735f090 0000000016e84800
0x000000001735efe0:   00000000144bc8b8 0000000016e84800
0x000000001735eff0:   0000000002370e20 0000000016e84800
0x000000001735f000:   00000000144bc8b8 0000000016e84800
0x000000001735f010:   00000000144bc8b8 0000000016e84800
0x000000001735f020:   0000000000000001 00000000144bc8b8
0x000000001735f030:   0000000016e84800 0000000014e8eed0
0x000000001735f040:   0000000016e84800 000000006ca0349d
0x000000001735f050:   000000001735f3a0 0000000100006670
0x000000001735f060:   0000000100006670 00000000ffffffff 

Instructions: (pc=0x000000006cb4b107)
0x000000006cb4b0e7:   48 89 6c 24 30 33 ed 66 90 e8 7b 5c 08 00 ff c3
0x000000006cb4b0f7:   48 63 c8 48 8b c6 48 0f af cf 48 ff c7 48 2b c1
0x000000006cb4b107:   89 28 48 63 c3 48 3b 05 ed 6e 57 00 7e db 48 8b
0x000000006cb4b117:   6c 24 30 48 8b 5c 24 38 48 8b 74 24 40 48 83 c4 


Register to memory mapping:

RAX=0x000000001735af70 is pointing into the stack for thread: 0x0000000016e84800
RBX=0x0000000000000005 is an unknown value
RCX=0x0000000000004000 is an unknown value
RDX=0x0000000000000006 is an unknown value
RSP=0x000000001735ef70 is pointing into the stack for thread: 0x0000000016e84800
RBP=0x0000000000000000 is an unknown value
RSI=0x000000001735ef70 is pointing into the stack for thread: 0x0000000016e84800
RDI=0x0000000000000005 is an unknown value
R8 =0x0000000000000006 is an unknown value
R9 =0x0000000016e853f0 is an unknown value
R10=