#
# There is insufficient memory for the Java Runtime Environment to continue.
# Native memory allocation (malloc) failed to allocate 1558576 bytes for Chunk::new
# Possible reasons:
#   The system is out of physical RAM or swap space
#   In 32 bit mode, the process size limit was hit
# Possible solutions:
#   Reduce memory load on the system
#   Increase physical memory or swap space
#   Check if swap backing store is full
#   Use 64 bit Java on a 64 bit OS
#   Decrease Java heap size (-Xmx/-Xms)
#   Decrease number of Java threads
#   Decrease Java thread stack sizes (-Xss)
#   Set larger code cache with -XX:ReservedCodeCacheSize=
# This output file may be truncated or incomplete.
#
#  Out of Memory Error (allocation.cpp:390), pid=9792, tid=9960
#
# JRE version: Java(TM) SE Runtime Environment (8.0_31-b13) (build 1.8.0_31-b13)
# Java VM: Java HotSpot(TM) 64-Bit Server VM (25.31-b07 mixed mode windows-amd64 compressed oops)
# Failed to write core dump. Minidumps are not enabled by default on client versions of Windows
#

---------------  T H R E A D  ---------------

Current thread (0x00000000178bb000):  JavaThread "C2 CompilerThread2" daemon [_thread_in_native, id=9960, stack(0x0000000018040000,0x0000000018140000)]

Stack: [0x0000000018040000,0x0000000018140000]
Native frames: (J=compiled Java code, j=interpreted, Vv=VM code, C=native code)
V  [jvm.dll+0x3169ba]


Current CompileTask:
C2:   9485 1946       4       com.android.dx.dex.code.OutputFinisher::addConstants (93 bytes)


---------------  P R O C E S S  ---------------

Java Threads: ( => current thread )
  0x00000000178cd000 JavaThread "Service Thread" daemon [_thread_blocked, id=9968, stack(0x0000000018240000,0x0000000018340000)]
  0x00000000178c1800 JavaThread "C1 CompilerThread3" daemon [_thread_in_vm, id=9964, stack(0x0000000018140000,0x0000000018240000)]
=>0x00000000178bb000 JavaThread "C2 CompilerThread2" daemon [_thread_in_native, id=9960, stack(0x0000000018040000,0x0000000018140000)]
  0x00000000178b8800 JavaThread "C2 CompilerThread1" daemon [_thread_in_native, id=9952, stack(0x0000000017f40000,0x0000000018040000)]
  0x0000000017868000 JavaThread "C2 CompilerThread0" daemon [_thread_in_native, id=9948, stack(0x0000000017e40000,0x0000000017f40000)]
  0x0000000017865800 JavaThread "Attach Listener" daemon [_thread_blocked, id=9944, stack(0x0000000017d40000,0x0000000017e40000)]
  0x0000000017864800 JavaThread "Signal Dispatcher" daemon [_thread_blocked, id=9940, stack(0x0000000017c40000,0x0000000017d40000)]
  0x0000000002d32000 JavaThread "Finalizer" daemon [_thread_blocked, id=9932, stack(0x0000000017740000,0x0000000017840000)]
  0x0000000002d31000 JavaThread "Reference Handler" daemon [_thread_blocked, id=9928, stack(0x0000000017640000,0x0000000017740000)]
  0x0000000002c40800 JavaThread "main" [_thread_in_Java, id=9884, stack(0x0000000002a90000,0x0000000002b90000)]

Other Threads:
  0x0000000015858800 VMThread [stack: 0x0000000017540000,0x0000000017640000] [id=9920]
  0x00000000178ce000 WatcherThread [stack: 0x0000000018340000,0x0000000018440000] [id=9972]

VM state:not at safepoint (normal execution)

VM Mutex/Monitor currently owned by a thread: None

Heap:
 PSYoungGen      total 71680K, used 50451K [0x00000000eab00000, 0x00000000f3700000, 0x0000000100000000)
  eden space 66560K, 68% used [0x00000000eab00000,0x00000000ed748ca8,0x00000000eec00000)
  from space 5120K, 99% used [0x00000000eec00000,0x00000000ef0fc020,0x00000000ef100000)
  to   space 5120K, 0% used [0x00000000f3200000,0x00000000f3200000,0x00000000f3700000)
 ParOldGen       total 87552K, used 18186K [0x00000000c0000000, 0x00000000c5580000, 0x00000000eab00000)
  object space 87552K, 20% used [0x00000000c0000000,0x00000000c11c28c8,0x00000000c5580000)
 Metaspace       used 6102K, capacity 7280K, committed 7552K, reserved 1056768K
  class space    used 566K, capacity 616K, committed 640K, reserved 1048576K

Card table byte_map: [0x0000000012100000,0x0000000012310000] byte_map_base: 0x0000000011b00000

Marking Bits: (ParMarkBitMap*) 0x000000006d12d4f0
 Begin Bits: [0x0000000012c70000, 0x0000000013c70000)
 End Bits:   [0x0000000013c70000, 0x0000000014c70000)

Polling page: 0x0000000002b90000

CodeCache: size=245760Kb used=8662Kb max_used=8662Kb free=237097Kb
 bounds [0x0000000002d40000, 0x00000000035c0000, 0x0000000011d40000]
 total_blobs=2258 nmethods=1998 adapters=174
 compilation: enabled

Compilation events (10 events):
Event: 9.460 Thread 0x00000000178c1800 nmethod 2010 0x00000000035b42d0 code [0x00000000035b4440, 0x00000000035b4648]
Event: 9.460 Thread 0x00000000178c1800 2011       1       com.android.dx.dex.file.AnnotationItem::access$100 (5 bytes)
Event: 9.460 Thread 0x00000000178c1800 nmethod 2011 0x00000000035b4710 code [0x00000000035b4860, 0x00000000035b4950]
Event: 9.460 Thread 0x00000000178c1800 2012       2       java.util.Arrays::sort (37 bytes)
Event: 9.460 Thread 0x00000000178c1800 nmethod 2012 0x00000000035b49d0 code [0x00000000035b4b40, 0x00000000035b4d18]
Event: 9.460 Thread 0x00000000178c1800 2013       2       java.util.TimSort::countRunAndMakeAscending (128 bytes)
Event: 9.461 Thread 0x00000000178c1800 nmethod 2013 0x00000000035b4e50 code [0x00000000035b5000, 0x00000000035b5568]
Event: 9.461 Thread 0x00000000178c1800 2014       2       com.android.dx.dex.file.IndexedItem::getIndex (22 bytes)
Event: 9.461 Thread 0x00000000178c1800 nmethod 2014 0x00000000035b59d0 code [0x00000000035b5b40, 0x00000000035b5d28]
Event: 9.466 Thread 0x00000000178c1800 2015       1       com.android.dx.dex.code.DalvInsn::getOpcode (5 bytes)

GC Heap History (6 events):
Event: 6.194 GC heap before
{Heap before GC invocations=1 (full 0):
 PSYoungGen      total 38400K, used 33280K [0x00000000eab00000, 0x00000000ed580000, 0x0000000100000000)
  eden space 33280K, 100% used [0x00000000eab00000,0x00000000ecb80000,0x00000000ecb80000)
  from space 5120K, 0% used [0x00000000ed080000,0x00000000ed080000,0x00000000ed580000)
  to   space 5120K, 0% used [0x00000000ecb80000,0x00000000ecb80000,0x00000000ed080000)
 ParOldGen       total 87552K, used 0K [0x00000000c0000000, 0x00000000c5580000, 0x00000000eab00000)
  object space 87552K, 0% used [0x00000000c0000000,0x00000000c0000000,0x00000000c5580000)
 Metaspace       used 5745K, capacity 7024K, committed 7296K, reserved 1056768K
  class space    used 550K, capacity 616K, committed 640K, reserved 1048576K
Event: 6.293 GC heap after
Heap after GC invocations=1 (full 0):
 PSYoungGen      total 38400K, used 5114K [0x00000000eab00000, 0x00000000ef600000, 0x0000000100000000)
  eden space 33280K, 0% used [0x00000000eab00000,0x00000000eab00000,0x00000000ecb80000)
  from space 5120K, 99% used [0x00000000ecb80000,0x00000000ed07eaa8,0x00000000ed080000)
  to   space 5120K, 0% used [0x00000000ef100000,0x00000000ef100000,0x00000000ef600000)
 ParOldGen       total 87552K, used 1953K [0x00000000c0000000, 0x00000000c5580000, 0x00000000eab00000)
  object space 87552K, 2% used [0x00000000c0000000,0x00000000c01e84f0,0x00000000c5580000)
 Metaspace       used 5745K, capacity 7024K, committed 7296K, reserved 1056768K
  class space    used 550K, capacity 616K, committed 640K, reserved 1048576K
}
Event: 7.464 GC heap before
{Heap before GC invocations=2 (full 0):
 PSYoungGen      total 38400K, used 38394K [0x00000000eab00000, 0x00000000ef600000, 0x0000000100000000)
  eden space 33280K, 100% used [0x00000000eab00000,0x00000000ecb80000,0x00000000ecb80000)
  from space 5120K, 99% used [0x00000000ecb80000,0x00000000ed07eaa8,0x00000000ed080000)
  to   space 5120K, 0% used [0x00000000ef100000,0x00000000ef100000,0x00000000ef600000)
 ParOldGen       total 87552K, used 1953K [0x00000000c0000000, 0x00000000c5580000, 0x00000000eab00000)
  object space 87552K, 2% used [0x00000000c0000000,0x00000000c01e84f0,0x00000000c5580000)
 Metaspace       used 5811K, capacity 7088K, committed 7296K, reserved 1056768K
  class space    used 550K, capacity 616K, committed 640K, reserved 1048576K
Event: 7.596 GC heap after
Heap after GC invocations=2 (full 0):
 PSYoungGen      total 71680K, used 5111K [0x00000000eab00000, 0x00000000ef600000, 0x0000000100000000)
  eden space 66560K, 0% used [0x00000000eab00000,0x00000000eab00000,0x00000000eec00000)
  from space 5120K, 99% used [0x00000000ef100000,0x00000000ef5fdc88,0x00000000ef600000)
  to   space 5120K, 0% used [0x00000000eec00000,0x00000000eec00000,0x00000000ef100000)
 ParOldGen       total 87552K, used 6897K [0x00000000c0000000, 0x00000000c5580000, 0x00000000eab00000)
  object space 87552K, 7% used [0x00000000c0000000,0x00000000c06bc7b8,0x00000000c5580000)
 Metaspace       used 5811K, capacity 7088K, committed 7296K, reserved 1056768K
  class space    used 550K, capacity 616K, committed 640K, reserved 1048576K
}
Event: 8.509 GC heap before
{Heap before GC invocations=3 (full 0):
 PSYoungGen      total 71680K, used 71671K [0x00000000eab00000, 0x00000000ef600000, 0x0000000100000000)
  eden space 66560K, 100% used [0x00000000eab00000,0x00000000eec00000,0x00000000eec00000)
  from space 5120K, 99% used [0x00000000ef100000,0x00000000ef5fdc88,0x00000000ef600000)
  to   space 5120K, 0% used [0x00000000eec00000,0x00000000eec00000,0x00000000ef100000)
 ParOldGen       total 87552K, used 6897K [0x00000000c0000000, 0x00000000c5580000, 0x00000000eab00000)
  object space 87552K, 7% used [0x00000000c0000000,0x00000000c06bc7b8,0x00000000c5580000)
 Metaspace       used 5878K, capacity 7088K, committed 7296K, reserved 1056768K
  class space    used 550K, capacity 616K, committed 640K, reserved 1048576K
Event: 8.644 GC heap after
Heap after GC invocations=3 (full 0):
 PSYoungGen      total 71680K, used 5104K [0x00000000eab00000, 0x00000000f3700000, 0x0000000100000000)
  eden space 66560K, 0% used [0x00000000eab00000,0x00000000eab00000,0x00000000eec00000)
  from space 5120K, 99% used [0x00000000eec00000,0x00000000ef0fc020,0x00000000ef100000)
  to   space 5120K, 0% used [0x00000000f3200000,0x00000000f3200000,0x00000000f3700000)
 ParOldGen       total 87552K, used 18186K [0x00000000c0000000, 0x00000000c5580000, 0x00000000eab00000)
  object space 87552K, 20% used [0x00000000c0000000,0x00000000c11c28c8,0x00000000c5580000)
 Metaspace       used 5878K, capacity 7088K, committed 7296K, reserved 1056768K
  class space    used 550K, capacity 616K, committed 640K, reserved 1048576K
}

Deoptimization events (10 events):
Event: 9.210 Thread 0x0000000002c40800 Uncommon trap: reason=class_check action=maybe_recompile pc=0x00000000031d6e60 method=java.util.Arrays.hashCode([Ljava/lang/Object;)I @ 43
Event: 9.210 Thread 0x0000000002c40800 Uncommon trap: reason=class_check action=maybe_recompile pc=0x00000000031d9ac0 method=java.util.Arrays.hashCode([Ljava/lang/Object;)I @ 43
Event: 9.212 Thread 0x0000000002c40800 Uncommon trap: reason=bimorphic action=maybe_recompile pc=0x0000000002fb2f68 method=java.util.HashMap.getNode(ILjava/lang/Object;)Ljava/util/HashMap$Node; @ 126
Event: 9.227 Thread 0x0000000002c40800 Uncommon trap: reason=bimorphic action=maybe_recompile pc=0x0000000002fb2f68 method=java.util.HashMap.getNode(ILjava/lang/Object;)Ljava/util/HashMap$Node; @ 126
Event: 9.227 Thread 0x0000000002c40800 Uncommon trap: reason=class_check action=maybe_recompile pc=0x000000000346b6fc method=java.util.HashMap.putVal(ILjava/lang/Object;Ljava/lang/Object;ZZ)Ljava/lang/Object; @ 203
Event: 9.240 Thread 0x0000000002c40800 Uncommon trap: reason=bimorphic action=maybe_recompile pc=0x0000000002fb2f68 method=java.util.HashMap.getNode(ILjava/lang/Object;)Ljava/util/HashMap$Node; @ 126
Event: 9.240 Thread 0x0000000002c40800 Uncommon trap: reason=bimorphic action=maybe_recompile pc=0x0000000002f3ca50 method=java.util.HashMap.getNode(ILjava/lang/Object;)Ljava/util/HashMap$Node; @ 126
Event: 9.256 Thread 0x0000000002c40800 Uncommon trap: reason=class_check action=maybe_recompile pc=0x00000000032d6a90 method=java.util.HashMap.putVal(ILjava/lang/Object;Ljava/lang/Object;ZZ)Ljava/lang/Object; @ 203
Event: 9.256 Thread 0x0000000002c40800 Uncommon trap: reason=class_check action=maybe_recompile pc=0x00000000032d6a90 method=java.util.HashMap.putVal(ILjava/lang/Object;Ljava/lang/Object;ZZ)Ljava/lang/Object; @ 203
Event: 9.256 Thread 0x0000000002c40800 Uncommon trap: reason=class_check action=maybe_recompile pc=0x00000000032d6a90 method=java.util.HashMap.putVal(ILjava/lang/Object;Ljava/lang/Object;ZZ)Ljava/lang/Object; @ 203

Internal exceptions (10 events):
Event: 9.441 Thread 0x0000000002c40800 Exception <a 'java/security/PrivilegedActionException'> (0x00000000ed670a80) thrown at [C:\workspace\8-2-build-windows-amd64-cygwin\jdk8u31\2394\hotspot\src\share\vm\prims\jvm.cpp, line 1312]
Event: 9.447 Thread 0x0000000002c40800 Exception <a 'java/security/PrivilegedActionException'> (0x00000000ed68dca8) thrown at [C:\workspace\8-2-build-windows-amd64-cygwin\jdk8u31\2394\hotspot\src\share\vm\prims\jvm.cpp, line 1312]
Event: 9.461 Thread 0x0000000002c40800 Exception <a 'java/security/PrivilegedActionException'> (0x00000000ed691e60) thrown at [C:\workspace\8-2-build-windows-amd64-cygwin\jdk8u31\2394\hotspot\src\share\vm\prims\jvm.cpp, line 1312]
Event: 9.462 Thread 0x0000000002c40800 Exception <a 'java/security/PrivilegedActionException'> (0x00000000ed694988) thrown at [C:\workspace\8-2-build-windows-amd64-cygwin\jdk8u31\2394\hotspot\src\share\vm\prims\jvm.cpp, line 1312]
Event: 9.463 Thread 0x0000000002c40800 Exception <a 'java/security/PrivilegedActionException'> (0x00000000ed69a0e8) thrown at [C:\workspace\8-2-build-windows-amd64-cygwin\jdk8u31\2394\hotspot\src\share\vm\prims\jvm.cpp, line 1312]
Event: 9.463 Thread 0x0000000002c40800 Exception <a 'java/security/PrivilegedActionException'> (0x00000000ed69d728) thrown at [C:\workspace\8-2-build-windows-amd64-cygwin\jdk8u31\2394\hotspot\src\share\vm\prims\jvm.cpp, line 1312]
Event: 9.463 Thread 0x0000000002c40800 Exception <a 'java/security/PrivilegedActionException'> (0x00000000ed6a01e0) thrown at [C:\workspace\8-2-build-windows-amd64-cygwin\jdk8u31\2394\hotspot\src\share\vm\prims\jvm.cpp, line 1312]
Event: 9.464 Thread 0x0000000002c40800 Exception <a 'java/security/PrivilegedActionException'> (0x00000000ed6a54a0) thrown at [C:\workspace\8-2-build-windows-amd64-cygwin\jdk8u31\2394\hotspot\src\share\vm\prims\jvm.cpp, line 1312]
Event: 9.465 Thread 0x0000000002c40800 Exception <a 'java/security/PrivilegedActionException'> (0x00000000ed6abb18) thrown at [C:\workspace\8-2-build-windows-amd64-cygwin\jdk8u31\2394\hotspot\src\share\vm\prims\jvm.cpp, line 1312]
Event: 9.465 Thread 0x0000000002c40800 Exception <a 'java/security/PrivilegedActionException'> (0x00000000ed6b02f0) thrown at [C:\workspace\8-2-build-windows-amd64-cygwin\jdk8u31\2394\hotspot\src\share\vm\prims\jvm.cpp, line 1312]

Events (10 events):
Event: 9.463 loading class com/android/dx/dex/code/PositionList$Entry
Event: 9.463 loading class com/android/dx/dex/code/PositionList$Entry done
Event: 9.463 loading class com/android/dx/dex/code/LocalList
Event: 9.463 loading class com/android/dx/dex/code/LocalList done
Event: 9.464 loading class com/android/dx/dex/code/LocalList$MakeState
Event: 9.464 loading class com/android/dx/dex/code/LocalList$MakeState done
Event: 9.465 loading class com/android/dx/dex/code/CatchHandlerList
Event: 9.465 loading class com/android/dx/dex/code/CatchHandlerList done
Event: 9.465 loading class com/android/dx/dex/code/CatchTable
Event: 9.465 loading class com/android/dx/dex/code/CatchTable done


Dynamic libraries:
0x00007ff795920000 - 0x00007ff795954000 	D:\Program Files\Java\jdk1.8.0_31\bin\java.exe
0x00007ffff2800000 - 0x00007ffff29ac000 	C:\Windows\SYSTEM32\ntdll.dll
0x00007fffeefa0000 - 0x00007fffef0de000 	C:\Windows\system32\KERNEL32.DLL
0x00007fffeea20000 - 0x00007fffeeb35000 	C:\Windows\system32\KERNELBASE.dll
0x00007fffed310000 - 0x00007fffed39e000 	C:\Windows\system32\apphelp.dll
0x00007fffdf8b0000 - 0x00007fffdf903000 	C:\Windows\AppPatch\AppPatch64\AcGenral.DLL
0x00007fffeecb0000 - 0x00007fffeed5a000 	C:\Windows\system32\msvcrt.dll
0x00007fffee5a0000 - 0x00007fffee5ce000 	C:\Windows\SYSTEM32\SspiCli.dll
0x00007fffef510000 - 0x00007fffef564000 	C:\Windows\system32\SHLWAPI.dll
0x00007fffeee20000 - 0x00007fffeef97000 	C:\Windows\system32\USER32.dll
0x00007ffff13c0000 - 0x00007ffff1554000 	C:\Windows\system32\ole32.dll
0x00007fffefe20000 - 0x00007ffff1338000 	C:\Windows\system32\SHELL32.dll
0x00007fffee080000 - 0x00007fffee0a1000 	C:\Windows\SYSTEM32\USERENV.dll
0x00007fffef3f0000 - 0x00007fffef49a000 	C:\Windows\system32\ADVAPI32.dll
0x00007fffdfe30000 - 0x00007fffdfe4e000 	C:\Windows\SYSTEM32\MPR.dll
0x00007fffef6f0000 - 0x00007fffef831000 	C:\Windows\system32\RPCRT4.dll
0x00007ffff1350000 - 0x00007ffff13a9000 	C:\Windows\SYSTEM32\sechost.dll
0x00007fffef840000 - 0x00007fffefa51000 	C:\Windows\SYSTEM32\combase.dll
0x00007fffef570000 - 0x00007fffef6c1000 	C:\Windows\system32\GDI32.dll
0x00007fffee770000 - 0x00007fffee785000 	C:\Windows\SYSTEM32\profapi.dll
0x00007fffecce0000 - 0x00007fffecd92000 	C:\Windows\SYSTEM32\SHCORE.dll
0x00007fffefde0000 - 0x00007fffefe16000 	C:\Windows\system32\IMM32.DLL
0x00007fffefc80000 - 0x00007fffefdd2000 	C:\Windows\system32\MSCTF.dll
0x00007fffec3c0000 - 0x00007fffec63b000 	C:\Windows\WinSxS\amd64_microsoft.windows.common-controls_6595b64144ccf1df_6.0.9600.17415_none_6240486fecbd8abb\COMCTL32.dll
0x00007fffe1210000 - 0x00007fffe129d000 	C:\Program Files (x86)\AVG\AVG2015\avghooka.dll
0x000000006d1b0000 - 0x000000006d282000 	D:\Program Files\Java\jdk1.8.0_31\jre\bin\msvcr100.dll
0x000000006c950000 - 0x000000006d1aa000 	D:\Program Files\Java\jdk1.8.0_31\jre\bin\server\jvm.dll
0x00007fffe59c0000 - 0x00007fffe59c9000 	C:\Windows\SYSTEM32\WSOCK32.dll
0x00007fffea0a0000 - 0x00007fffea0c2000 	C:\Windows\SYSTEM32\WINMM.dll
0x00007fffeeca0000 - 0x00007fffeeca7000 	C:\Windows\system32\PSAPI.DLL
0x00007fffef2c0000 - 0x00007fffef31a000 	C:\Windows\system32\WS2_32.dll
0x00007fffe9ce0000 - 0x00007fffe9d0a000 	C:\Windows\SYSTEM32\WINMMBASE.dll
0x00007fffefa60000 - 0x00007fffefa69000 	C:\Windows\system32\NSI.dll
0x00007fffeec50000 - 0x00007fffeec9f000 	C:\Windows\SYSTEM32\cfgmgr32.dll
0x00007fffed590000 - 0x00007fffed5b8000 	C:\Windows\SYSTEM32\DEVOBJ.dll
0x000000006c940000 - 0x000000006c94f000 	D:\Program Files\Java\jdk1.8.0_31\jre\bin\verify.dll
0x000000006c910000 - 0x000000006c938000 	D:\Program Files\Java\jdk1.8.0_31\jre\bin\java.dll
0x000000006c8f0000 - 0x000000006c906000 	D:\Program Files\Java\jdk1.8.0_31\jre\bin\zip.dll
0x00007fffdfa10000 - 0x00007fffdfb9a000 	C:\Windows\SYSTEM32\dbghelp.dll

VM Arguments:
jvm_args: -Xmx1024M -Dfile.encoding=windows-1252 -Duser.country=GB -Duser.language=en -Duser.variant 
java_command: com.android.dx.command.Main --dex --output C:\Users\Qamaruz\IES2\app\build\intermediates\pre-dexed\debug\classes-fd7417dca594da4f1c02f0d142c1504f9b3c153b.jar C:\Users\Qamaruz\IES2\app\build\intermediates\exploded-aar\com.google.android.gms\play-services-drive\7.5.0\classes.jar
java_class_path (initial): C:\Users\Qamaruz\AppData\Local\Android\sdk\build-tools\22.0.1\lib\dx.jar
Launcher Type: SUN_STANDARD

Environment Variables:
PATH=C:\ProgramData\Oracle\Java\javapath;C:\Program Files (x86)\NVIDIA Corporation\PhysX\Common;C:\Program Files (x86)\Intel\iCLS Client\;C:\Program Files\Intel\iCLS Client\;C:\Windows\system32;C:\Windows;C:\Windows\System32\Wbem;C:\Windows\System32\WindowsPowerShell\v1.0\;C:\Program Files\Intel\Intel(R) Management Engine Components\DAL;C:\Program Files (x86)\Intel\Intel(R) Management Engine Components\DAL;C:\Program Files\Intel\Intel(R) Management Engine Components\IPT;C:\Program Files (x86)\Intel\Intel(R) Management Engine Components\IPT;C:\Program Files (x86)\Windows Live\Shared;C:\Program Files\Intel\WiFi\bin\;C:\Program Files\Common Files\Intel\WirelessCommon\;D:\Program Files (x86)\QuickTime\QTSystem\;D:\Program Files\Java\jdk1.8.0_31\bin;D:\wamp\bin\mysql\mysql5.6.17\bin;D:\Program Files\nodejs\;D:\Program Files (x86)\Git\cmd;C:\TDM-GCC-64\bin;C:\Program Files\Android\Android Studio\gradle\gradle-2.2.1\bin;C:\Program Files\Intel\WiFi\bin\;C:\Program Files\Common Files\Intel\WirelessCommon\;D:\Program Files (x86)\Nmap;C:\Users\Qamaruz\AppData\Roaming\npm
USERNAME=Qamaruz
OS=Windows_NT
PROCESSOR_IDENTIFIER=Intel64 Family 6 Model 60 Stepping 3, GenuineIntel



---------------  S Y S T E M  ---------------

OS: Windows 8.1 , 64 bit Build 9600 

CPU:total 8 (4 cores per cpu, 2 threads per core) family 6 model 60 stepping 3, cmov, cx8, fxsr, mmx, sse, sse2, sse3, ssse3, sse4.1, sse4.2, popcnt, avx, avx2, aes, clmul, erms, lzcnt, ht, tsc, tscinvbit, bmi1, bmi2

Memory: 4k page, physical 8300772k(2115332k free), swap 8300772k(8660k free)

vm_info: Java HotSpot(TM) 64-Bit Server VM (25.31-b07) for windows-amd64 JRE (1.8.0_31-b13), built on Dec 17 2014 21:00:28 by "java_re" with MS VC++ 10.0 (VS2010)

time: Fri Jun 05 10:59:32 2015
elapsed time: 9 seconds (0d 0h 0m 9s)

