#
# There is insufficient memory for the Java Runtime Environment to continue.
# Native memory allocation (malloc) failed to allocate 1048576 bytes for AllocateHeap
# Possible reasons:
#   The system is out of physical RAM or swap space
#   In 32 bit mode, the process size limit was hit
# Possible solutions:
#   Reduce memory load on the system
#   Increase physical memory or swap space
#   Check if swap backing store is full
#   Use 64 bit Java on a 64 bit OS
#   Decrease Java heap size (-Xmx/-Xms)
#   Decrease number of Java threads
#   Decrease Java thread stack sizes (-Xss)
#   Set larger code cache with -XX:ReservedCodeCacheSize=
# This output file may be truncated or incomplete.
#
#  Out of Memory Error (memory/allocation.inline.hpp:62), pid=3144, tid=9444
#
# JRE version:  (8.0_31-b13) (build )
# Java VM: Java HotSpot(TM) 64-Bit Server VM (25.31-b07 mixed mode windows-amd64 compressed oops)
# Failed to write core dump. Minidumps are not enabled by default on client versions of Windows
#

---------------  T H R E A D  ---------------

Current thread (0x00000000027ae000):  JavaThread "Unknown thread" [_thread_in_vm, id=9444, stack(0x0000000002490000,0x0000000002590000)]

Stack: [0x0000000002490000,0x0000000002590000]
Native frames: (J=compiled Java code, j=interpreted, Vv=VM code, C=native code)
V  [jvm.dll+0x3169ba]
V  [jvm.dll+0x2674c3]
V  [jvm.dll+0x268103]
V  [jvm.dll+0x25f8f5]
V  [jvm.dll+0x3df90f]
V  [jvm.dll+0x3e044f]
V  [jvm.dll+0x3e0564]
V  [jvm.dll+0x3e0733]
V  [jvm.dll+0xe54d2]
V  [jvm.dll+0x1fa089]
V  [jvm.dll+0x22b694]
V  [jvm.dll+0x14d8c1]
C  [java.exe+0x20b6]
C  [java.exe+0xc9bb]
C  [java.exe+0xca4f]
C  [KERNEL32.DLL+0x13d2]
C  [ntdll.dll+0x15444]


---------------  P R O C E S S  ---------------

Java Threads: ( => current thread )

Other Threads:

=>0x00000000027ae000 (exited) JavaThread "Unknown thread" [_thread_in_vm, id=9444, stack(0x0000000002490000,0x0000000002590000)]

VM state:not at safepoint (normal execution)

VM Mutex/Monitor currently owned by a thread: None

Heap:
 PSYoungGen      total 38400K, used 665K [0x00000000eab00000, 0x00000000ed580000, 0x0000000100000000)
  eden space 33280K, 2% used [0x00000000eab00000,0x00000000eaba6670,0x00000000ecb80000)
  from space 5120K, 0% used [0x00000000ed080000,0x00000000ed080000,0x00000000ed580000)
  to   space 5120K, 0% used [0x00000000ecb80000,0x00000000ecb80000,0x00000000ed080000)
 ParOldGen       total 87552K, used 0K [0x00000000c0000000, 0x00000000c5580000, 0x00000000eab00000)
  object space 87552K, 0% used [0x00000000c0000000,0x00000000c0000000,0x00000000c5580000)
 Metaspace       used 677K, capacity 4480K, committed 4480K, reserved 1056768K
  class space    used 67K, capacity 384K, committed 384K, reserved 1048576K

Card table byte_map: [0x0000000011b70000,0x0000000011d80000] byte_map_base: 0x0000000011570000

Marking Bits: (ParMarkBitMap*) 0x000000006c4ed4f0
 Begin Bits: [0x00000000126e0000, 0x00000000136e0000)
 End Bits:   [0x00000000136e0000, 0x00000000146e0000)

Polling page: 0x0000000000d40000

CodeCache: size=245760Kb used=327Kb max_used=327Kb free=245432Kb
 bounds [0x00000000027b0000, 0x0000000002a20000, 0x00000000117b0000]
 total_blobs=56 nmethods=0 adapters=37
 compilation: enabled

Compilation events (0 events):
No events

GC Heap History (0 events):
No events

Deoptimization events (0 events):
No events

Internal exceptions (0 events):
No events

Events (10 events):
Event: 0.015 loading class java/lang/Short
Event: 0.015 loading class java/lang/Short done
Event: 0.015 loading class java/lang/Integer
Event: 0.015 loading class java/lang/Integer done
Event: 0.015 loading class java/lang/Long
Event: 0.015 loading class java/lang/Long done
Event: 0.015 loading class java/lang/NullPointerException
Event: 0.015 loading class java/lang/NullPointerException done
Event: 0.015 loading class java/lang/ArithmeticException
Event: 0.015 loading class java/lang/ArithmeticException done


Dynamic libraries:
0x00007ff762100000 - 0x00007ff762134000 	D:\Program Files\Java\jdk1.8.0_31\bin\java.exe
0x00007ff93fb30000 - 0x00007ff93fcdc000 	C:\Windows\SYSTEM32\ntdll.dll
0x00007ff93ce50000 - 0x00007ff93cf8e000 	C:\Windows\system32\KERNEL32.DLL
0x00007ff93bb10000 - 0x00007ff93bc25000 	C:\Windows\system32\KERNELBASE.dll
0x00007ff93a5e0000 - 0x00007ff93a66e000 	C:\Windows\system32\apphelp.dll
0x00007ff91ad00000 - 0x00007ff91ad53000 	C:\Windows\AppPatch\AppPatch64\AcGenral.DLL
0x00007ff93e520000 - 0x00007ff93e5ca000 	C:\Windows\system32\msvcrt.dll
0x00007ff93b870000 - 0x00007ff93b89e000 	C:\Windows\SYSTEM32\SspiCli.dll
0x00007ff93e7c0000 - 0x00007ff93e814000 	C:\Windows\system32\SHLWAPI.dll
0x00007ff93bf70000 - 0x00007ff93c0e7000 	C:\Windows\system32\USER32.dll
0x00007ff93c0f0000 - 0x00007ff93c284000 	C:\Windows\system32\ole32.dll
0x00007ff93d000000 - 0x00007ff93e518000 	C:\Windows\system32\SHELL32.dll
0x00007ff93b040000 - 0x00007ff93b061000 	C:\Windows\SYSTEM32\USERENV.dll
0x00007ff93cda0000 - 0x00007ff93ce4a000 	C:\Windows\system32\ADVAPI32.dll
0x00007ff92ca60000 - 0x00007ff92ca7e000 	C:\Windows\SYSTEM32\MPR.dll
0x00007ff93c730000 - 0x00007ff93c871000 	C:\Windows\system32\RPCRT4.dll
0x00007ff93cfa0000 - 0x00007ff93cff9000 	C:\Windows\SYSTEM32\sechost.dll
0x00007ff93ca20000 - 0x00007ff93cc31000 	C:\Windows\SYSTEM32\combase.dll
0x00007ff93c440000 - 0x00007ff93c591000 	C:\Windows\system32\GDI32.dll
0x00007ff93ba40000 - 0x00007ff93ba55000 	C:\Windows\SYSTEM32\profapi.dll
0x00007ff939fb0000 - 0x00007ff93a062000 	C:\Windows\SYSTEM32\SHCORE.dll
0x00007ff93c660000 - 0x00007ff93c696000 	C:\Windows\system32\IMM32.DLL
0x00007ff93cc40000 - 0x00007ff93cd92000 	C:\Windows\system32\MSCTF.dll
0x00007ff939690000 - 0x00007ff93990a000 	C:\Windows\WinSxS\amd64_microsoft.windows.common-controls_6595b64144ccf1df_6.0.9600.17810_none_6240b9c7ecbd0bda\COMCTL32.dll
0x00007ff92dc00000 - 0x00007ff92dc8d000 	C:\Program Files (x86)\AVG\AVG2015\avghooka.dll
0x000000006c570000 - 0x000000006c642000 	D:\Program Files\Java\jdk1.8.0_31\jre\bin\msvcr100.dll
0x000000006bd10000 - 0x000000006c56a000 	D:\Program Files\Java\jdk1.8.0_31\jre\bin\server\jvm.dll
0x00007ff932380000 - 0x00007ff932389000 	C:\Windows\SYSTEM32\WSOCK32.dll
0x00007ff937310000 - 0x00007ff937332000 	C:\Windows\SYSTEM32\WINMM.dll
0x00007ff93e7b0000 - 0x00007ff93e7b7000 	C:\Windows\system32\PSAPI.DLL
0x00007ff93c950000 - 0x00007ff93c9aa000 	C:\Windows\system32\WS2_32.dll
0x00007ff937160000 - 0x00007ff93718a000 	C:\Windows\SYSTEM32\WINMMBASE.dll
0x00007ff93cf90000 - 0x00007ff93cf99000 	C:\Windows\system32\NSI.dll
0x00007ff93bf20000 - 0x00007ff93bf6f000 	C:\Windows\SYSTEM32\cfgmgr32.dll
0x00007ff93a840000 - 0x00007ff93a868000 	C:\Windows\SYSTEM32\DEVOBJ.dll
0x000000006bd00000 - 0x000000006bd0f000 	D:\Program Files\Java\jdk1.8.0_31\jre\bin\verify.dll
0x000000006bcd0000 - 0x000000006bcf8000 	D:\Program Files\Java\jdk1.8.0_31\jre\bin\java.dll
0x000000006bcb0000 - 0x000000006bcc6000 	D:\Program Files\Java\jdk1.8.0_31\jre\bin\zip.dll
0x00007ff9304d0000 - 0x00007ff930659000 	C:\Windows\SYSTEM32\dbghelp.dll

VM Arguments:
jvm_args: -Xmx1024M -Dfile.encoding=windows-1252 -Duser.country=GB -Duser.language=en -Duser.variant 
java_command: com.android.dx.command.Main --dex --output C:\Users\Qamaruz\IES2\app\build\intermediates\dex\debug C:\Users\Qamaruz\IES2\app\build\intermediates\classes\debug C:\Users\Qamaruz\IES2\app\build\intermediates\pre-dexed\debug\support-annotations-22.1.1-c56069b56ff72272f83e485d92c6813352b6d061.jar C:\Users\Qamaruz\IES2\app\build\intermediates\pre-dexed\debug\classes-882ebcc41f2a1611d0310973dcd9b789fc201dea.jar C:\Users\Qamaruz\IES2\app\build\intermediates\pre-dexed\debug\classes-b3fa2aef98fae3462bdef8836040a2a386579de9.jar C:\Users\Qamaruz\IES2\app\build\intermediates\pre-dexed\debug\classes-6f5a9455e383a279a1879296bb919cedd2d447e9.jar C:\Users\Qamaruz\IES2\app\build\intermediates\pre-dexed\debug\classes-7570faef26a1beb7c2a00d51ff9b18adf5a80202.jar C:\Users\Qamaruz\IES2\app\build\intermediates\pre-dexed\debug\classes-dfdce694ba95f8a2aad58b01af5b72da13e79a78.jar C:\Users\Qamaruz\IES2\app\build\intermediates\pre-dexed\debug\classes-3bc048f37a9f6f4d2f16383fa567e8f5771798dc.jar C:\Users\Qamaruz\IES2\app\build\intermediates\pre-dexed\debug\classes-3171dd06b3e6644815763dab537545e2ec49f065.jar C:\Users\Qamaruz\IES2\app\build\intermediates\pre-dexed\debug\classes-79941a53d212462078b80e32e09bdb319d30df67.jar C:\Users\Qamaruz\IES2\app\build\intermediates\pre-dexed\debug\classes-16f205208882739fb298e8c5c847e59a47ec961f.jar C:\Users\Qamaruz\IES2\app\build\intermediates\pre-dexed\debug\classes-c9abd6668295c3612894ebe53406208145ab8c92.jar C:\Users\Qamaruz\IES2\app\build\intermediates\pre-dexed\debug\internal_impl-22.1.1-f42fe84b4540c97f29f4577079de9b46a5d12671.jar C:\Users\Qamaruz\IES2\app\build\intermediates\pre-dexed\debug\classes-fd7417dca594da4f1c02f0d142c1504f9b3c153b.jar C:\Users\Qamaruz\IES2\app\build\intermediates\pre-dexed\debug\classes-abcde0f1a1abe8a8a243b3fab12050e426276f8d.jar C:\Users\Qamaruz\IES2\app\build\intermediates\pre-dexed\debug\classes-6062ab4df7712a1e5b5b8a5253d6e5070f4182ed.jar C:\Users\Qamaruz\IES2\app\build\intermediates\pre-dexed\debug\classe
java_class_path (initial): C:\Users\Qamaruz\AppData\Local\Android\sdk\build-tools\22.0.1\lib\dx.jar
Launcher Type: SUN_STANDARD

Environment Variables:
PATH=C:\ProgramData\Oracle\Java\javapath;C:\Program Files (x86)\NVIDIA Corporation\PhysX\Common;C:\Program Files (x86)\Intel\iCLS Client\;C:\Program Files\Intel\iCLS Client\;C:\Windows\system32;C:\Windows;C:\Windows\System32\Wbem;C:\Windows\System32\WindowsPowerShell\v1.0\;C:\Program Files\Intel\Intel(R) Management Engine Components\DAL;C:\Program Files (x86)\Intel\Intel(R) Management Engine Components\DAL;C:\Program Files\Intel\Intel(R) Management Engine Components\IPT;C:\Program Files (x86)\Intel\Intel(R) Management Engine Components\IPT;C:\Program Files (x86)\Windows Live\Shared;C:\Program Files\Intel\WiFi\bin\;C:\Program Files\Common Files\Intel\WirelessCommon\;D:\Program Files (x86)\QuickTime\QTSystem\;D:\Program Files\Java\jdk1.8.0_31\bin;D:\wamp\bin\mysql\mysql5.6.17\bin;D:\Program Files\nodejs\;D:\Program Files (x86)\Git\cmd;C:\TDM-GCC-64\bin;C:\Program Files\Android\Android Studio\gradle\gradle-2.2.1\bin;C:\Program Files\Intel\WiFi\bin\;C:\Program Files\Common Files\Intel\WirelessCommon\;D:\Program Files (x86)\Nmap;C:\Users\Qamaruz\AppData\Roaming\npm
USERNAME=Qamaruz
OS=Windows_NT
PROCESSOR_IDENTIFIER=Intel64 Family 6 Model 60 Stepping 3, GenuineIntel



---------------  S Y S T E M  ---------------

OS: Windows 8.1 , 64 bit Build 9600 

CPU:total 8 (4 cores per cpu, 2 threads per core) family 6 model 60 stepping 3, cmov, cx8, fxsr, mmx, sse, sse2, sse3, ssse3, sse4.1, sse4.2, popcnt, avx, avx2, aes, clmul, erms, lzcnt, ht, tsc, tscinvbit, bmi1, bmi2

Memory: 4k page, physical 8300772k(1247992k free), swap 8300772k(5408k free)

vm_info: Java HotSpot(TM) 64-Bit Server VM (25.31-b07) for windows-amd64 JRE (1.8.0_31-b13), built on Dec 17 2014 21:00:28 by "java_re" with MS VC++ 10.0 (VS2010)

time: Wed Jun 24 15:55:08 2015
elapsed time: 0 seconds (0d 0h 0m 0s)

