#
# There is insufficient memory for the Java Runtime Environment to continue.
# Native memory allocation (malloc) failed to allocate 1087936 bytes for Chunk::new
# Possible reasons:
#   The system is out of physical RAM or swap space
#   In 32 bit mode, the process size limit was hit
# Possible solutions:
#   Reduce memory load on the system
#   Increase physical memory or swap space
#   Check if swap backing store is full
#   Use 64 bit Java on a 64 bit OS
#   Decrease Java heap size (-Xmx/-Xms)
#   Decrease number of Java threads
#   Decrease Java thread stack sizes (-Xss)
#   Set larger code cache with -XX:ReservedCodeCacheSize=
# This output file may be truncated or incomplete.
#
#  Out of Memory Error (allocation.cpp:390), pid=6680, tid=4304
#
# JRE version: Java(TM) SE Runtime Environment (8.0_31-b13) (build 1.8.0_31-b13)
# Java VM: Java HotSpot(TM) 64-Bit Server VM (25.31-b07 mixed mode windows-amd64 compressed oops)
# Failed to write core dump. Minidumps are not enabled by default on client versions of Windows
#

---------------  T H R E A D  ---------------

Current thread (0x000000001770d000):  JavaThread "C2 CompilerThread1" daemon [_thread_in_native, id=4304, stack(0x0000000017de0000,0x0000000017ee0000)]

Stack: [0x0000000017de0000,0x0000000017ee0000]
Native frames: (J=compiled Java code, j=interpreted, Vv=VM code, C=native code)
V  [jvm.dll+0x3169ba]
V  [jvm.dll+0x2674c3]
V  [jvm.dll+0x268103]
V  [jvm.dll+0x25f8f5]
V  [jvm.dll+0xbf025]
V  [jvm.dll+0xbf4cc]
V  [jvm.dll+0x45df82]
V  [jvm.dll+0x49f21f]
V  [jvm.dll+0x453401]
V  [jvm.dll+0x454124]
V  [jvm.dll+0x437c62]
V  [jvm.dll+0x988e2]
V  [jvm.dll+0x990d3]
V  [jvm.dll+0x22c194]
V  [jvm.dll+0x28576a]
C  [msvcr100.dll+0x21d9f]
C  [msvcr100.dll+0x21e3b]
C  [KERNEL32.DLL+0x13d2]
C  [ntdll.dll+0x15444]


Current CompileTask:
C2:   6736 1738       4       com.android.dx.ssa.ConstCollector::getConstsSortedByCountUse (386 bytes)


---------------  P R O C E S S  ---------------

Java Threads: ( => current thread )
  0x00000000177af000 JavaThread "Service Thread" daemon [_thread_blocked, id=3284, stack(0x00000000180e0000,0x00000000181e0000)]
  0x0000000017773000 JavaThread "C1 CompilerThread3" daemon [_thread_blocked, id=7472, stack(0x0000000017fe0000,0x00000000180e0000)]
  0x0000000017764800 JavaThread "C2 CompilerThread2" daemon [_thread_in_native, id=10052, stack(0x0000000017ee0000,0x0000000017fe0000)]
=>0x000000001770d000 JavaThread "C2 CompilerThread1" daemon [_thread_in_native, id=4304, stack(0x0000000017de0000,0x0000000017ee0000)]
  0x0000000017714000 JavaThread "C2 CompilerThread0" daemon [_thread_in_native, id=3216, stack(0x0000000017ce0000,0x0000000017de0000)]
  0x0000000017711800 JavaThread "Attach Listener" daemon [_thread_blocked, id=9652, stack(0x0000000017be0000,0x0000000017ce0000)]
  0x0000000017710000 JavaThread "Signal Dispatcher" daemon [_thread_blocked, id=2396, stack(0x0000000017ae0000,0x0000000017be0000)]
  0x00000000156fc000 JavaThread "Finalizer" daemon [_thread_blocked, id=8856, stack(0x00000000175d0000,0x00000000176d0000)]
  0x0000000002bd3800 JavaThread "Reference Handler" daemon [_thread_blocked, id=6404, stack(0x00000000174d0000,0x00000000175d0000)]
  0x0000000002ae0800 JavaThread "main" [_thread_in_Java, id=9736, stack(0x00000000029e0000,0x0000000002ae0000)]

Other Threads:
  0x00000000156f8800 VMThread [stack: 0x00000000173d0000,0x00000000174d0000] [id=3656]
  0x00000000177b1800 WatcherThread [stack: 0x00000000181e0000,0x00000000182e0000] [id=8384]

VM state:not at safepoint (normal execution)

VM Mutex/Monitor currently owned by a thread: None

Heap:
 PSYoungGen      total 71680K, used 10688K [0x00000000eab00000, 0x00000000ef600000, 0x0000000100000000)
  eden space 66560K, 8% used [0x00000000eab00000,0x00000000eb070c28,0x00000000eec00000)
  from space 5120K, 99% used [0x00000000eec00000,0x00000000ef0ff580,0x00000000ef100000)
  to   space 5120K, 0% used [0x00000000ef100000,0x00000000ef100000,0x00000000ef600000)
 ParOldGen       total 87552K, used 18055K [0x00000000c0000000, 0x00000000c5580000, 0x00000000eab00000)
  object space 87552K, 20% used [0x00000000c0000000,0x00000000c11a1fa0,0x00000000c5580000)
 Metaspace       used 5879K, capacity 7088K, committed 7296K, reserved 1056768K
  class space    used 550K, capacity 616K, committed 640K, reserved 1048576K

Card table byte_map: [0x0000000011fa0000,0x00000000121b0000] byte_map_base: 0x00000000119a0000

Marking Bits: (ParMarkBitMap*) 0x000000006c4ed4f0
 Begin Bits: [0x0000000012b10000, 0x0000000013b10000)
 End Bits:   [0x0000000013b10000, 0x0000000014b10000)

Polling page: 0x0000000002980000

CodeCache: size=245760Kb used=7936Kb max_used=7946Kb free=237823Kb
 bounds [0x0000000002be0000, 0x00000000033b0000, 0x0000000011be0000]
 total_blobs=2034 nmethods=1773 adapters=174
 compilation: enabled

Compilation events (10 events):
Event: 6.563 Thread 0x0000000017764800 nmethod 1800 0x0000000003309f90 code [0x000000000330a0c0, 0x000000000330a178]
Event: 6.564 Thread 0x0000000017764800 1801       4       com.android.dx.cf.code.ByteBlockList::labelToBlock (46 bytes)
Event: 6.565 Thread 0x0000000017764800 nmethod 1801 0x000000000337ba50 code [0x000000000337bba0, 0x000000000337bcd8]
Event: 6.577 Thread 0x0000000017764800 1802       4       com.android.dx.cf.code.Ropper::addOrReplaceBlock (66 bytes)
Event: 6.644 Thread 0x0000000017764800 nmethod 1802 0x00000000033aa5d0 code [0x00000000033aa820, 0x00000000033ac108]
Event: 6.644 Thread 0x0000000017764800 1805       4       com.android.dx.ssa.InterferenceRegisterMapper::addInterfence (62 bytes)
Event: 6.657 Thread 0x0000000017773000 1813       3       com.android.dx.cf.code.SwitchList::removeSuperfluousDefaults (149 bytes)
Event: 6.658 Thread 0x0000000017773000 nmethod 1813 0x0000000003399250 code [0x0000000003399480, 0x000000000339a0d8]
Event: 6.670 Thread 0x0000000017764800 nmethod 1805 0x000000000339d9d0 code [0x000000000339dba0, 0x000000000339e818]
Event: 6.670 Thread 0x0000000017764800 1808       4       com.android.dx.ssa.SsaMethod::makeExitBlock (134 bytes)

GC Heap History (6 events):
Event: 2.694 GC heap before
{Heap before GC invocations=1 (full 0):
 PSYoungGen      total 38400K, used 33280K [0x00000000eab00000, 0x00000000ed580000, 0x0000000100000000)
  eden space 33280K, 100% used [0x00000000eab00000,0x00000000ecb80000,0x00000000ecb80000)
  from space 5120K, 0% used [0x00000000ed080000,0x00000000ed080000,0x00000000ed580000)
  to   space 5120K, 0% used [0x00000000ecb80000,0x00000000ecb80000,0x00000000ed080000)
 ParOldGen       total 87552K, used 0K [0x00000000c0000000, 0x00000000c5580000, 0x00000000eab00000)
  object space 87552K, 0% used [0x00000000c0000000,0x00000000c0000000,0x00000000c5580000)
 Metaspace       used 5738K, capacity 7024K, committed 7296K, reserved 1056768K
  class space    used 550K, capacity 616K, committed 640K, reserved 1048576K
Event: 2.906 GC heap after
Heap after GC invocations=1 (full 0):
 PSYoungGen      total 38400K, used 5098K [0x00000000eab00000, 0x00000000ef600000, 0x0000000100000000)
  eden space 33280K, 0% used [0x00000000eab00000,0x00000000eab00000,0x00000000ecb80000)
  from space 5120K, 99% used [0x00000000ecb80000,0x00000000ed07aab8,0x00000000ed080000)
  to   space 5120K, 0% used [0x00000000ef100000,0x00000000ef100000,0x00000000ef600000)
 ParOldGen       total 87552K, used 1816K [0x00000000c0000000, 0x00000000c5580000, 0x00000000eab00000)
  object space 87552K, 2% used [0x00000000c0000000,0x00000000c01c60d8,0x00000000c5580000)
 Metaspace       used 5738K, capacity 7024K, committed 7296K, reserved 1056768K
  class space    used 550K, capacity 616K, committed 640K, reserved 1048576K
}
Event: 3.615 GC heap before
{Heap before GC invocations=2 (full 0):
 PSYoungGen      total 38400K, used 38378K [0x00000000eab00000, 0x00000000ef600000, 0x0000000100000000)
  eden space 33280K, 100% used [0x00000000eab00000,0x00000000ecb80000,0x00000000ecb80000)
  from space 5120K, 99% used [0x00000000ecb80000,0x00000000ed07aab8,0x00000000ed080000)
  to   space 5120K, 0% used [0x00000000ef100000,0x00000000ef100000,0x00000000ef600000)
 ParOldGen       total 87552K, used 1816K [0x00000000c0000000, 0x00000000c5580000, 0x00000000eab00000)
  object space 87552K, 2% used [0x00000000c0000000,0x00000000c01c60d8,0x00000000c5580000)
 Metaspace       used 5812K, capacity 7024K, committed 7296K, reserved 1056768K
  class space    used 550K, capacity 616K, committed 640K, reserved 1048576K
Event: 3.766 GC heap after
Heap after GC invocations=2 (full 0):
 PSYoungGen      total 71680K, used 5095K [0x00000000eab00000, 0x00000000ef600000, 0x0000000100000000)
  eden space 66560K, 0% used [0x00000000eab00000,0x00000000eab00000,0x00000000eec00000)
  from space 5120K, 99% used [0x00000000ef100000,0x00000000ef5f9c78,0x00000000ef600000)
  to   space 5120K, 0% used [0x00000000eec00000,0x00000000eec00000,0x00000000ef100000)
 ParOldGen       total 87552K, used 6707K [0x00000000c0000000, 0x00000000c5580000, 0x00000000eab00000)
  object space 87552K, 7% used [0x00000000c0000000,0x00000000c068cd98,0x00000000c5580000)
 Metaspace       used 5812K, capacity 7024K, committed 7296K, reserved 1056768K
  class space    used 550K, capacity 616K, committed 640K, reserved 1048576K
}
Event: 6.143 GC heap before
{Heap before GC invocations=3 (full 0):
 PSYoungGen      total 71680K, used 71655K [0x00000000eab00000, 0x00000000ef600000, 0x0000000100000000)
  eden space 66560K, 100% used [0x00000000eab00000,0x00000000eec00000,0x00000000eec00000)
  from space 5120K, 99% used [0x00000000ef100000,0x00000000ef5f9c78,0x00000000ef600000)
  to   space 5120K, 0% used [0x00000000eec00000,0x00000000eec00000,0x00000000ef100000)
 ParOldGen       total 87552K, used 6707K [0x00000000c0000000, 0x00000000c5580000, 0x00000000eab00000)
  object space 87552K, 7% used [0x00000000c0000000,0x00000000c068cd98,0x00000000c5580000)
 Metaspace       used 5877K, capacity 7088K, committed 7296K, reserved 1056768K
  class space    used 550K, capacity 616K, committed 640K, reserved 1048576K
Event: 6.290 GC heap after
Heap after GC invocations=3 (full 0):
 PSYoungGen      total 71680K, used 5117K [0x00000000eab00000, 0x00000000ef600000, 0x0000000100000000)
  eden space 66560K, 0% used [0x00000000eab00000,0x00000000eab00000,0x00000000eec00000)
  from space 5120K, 99% used [0x00000000eec00000,0x00000000ef0ff580,0x00000000ef100000)
  to   space 5120K, 0% used [0x00000000ef100000,0x00000000ef100000,0x00000000ef600000)
 ParOldGen       total 87552K, used 18055K [0x00000000c0000000, 0x00000000c5580000, 0x00000000eab00000)
  object space 87552K, 20% used [0x00000000c0000000,0x00000000c11a1fa0,0x00000000c5580000)
 Metaspace       used 5877K, capacity 7088K, committed 7296K, reserved 1056768K
  class space    used 550K, capacity 616K, committed 640K, reserved 1048576K
}

Deoptimization events (10 events):
Event: 4.228 Thread 0x0000000002ae0800 Uncommon trap: reason=class_check action=maybe_recompile pc=0x000000000315ceb4 method=com.android.dx.ssa.SsaMethod.isRegALocal(Lcom/android/dx/rop/code/RegisterSpec;)Z @ 16
Event: 4.509 Thread 0x0000000002ae0800 Uncommon trap: reason=bimorphic action=maybe_recompile pc=0x00000000031e1bb8 method=com.android.dx.ssa.LiteralOpUpgrader.tryReplacingWithConstant(Lcom/android/dx/ssa/NormalSsaInsn;)Z @ 62
Event: 5.570 Thread 0x0000000002ae0800 Uncommon trap: reason=bimorphic action=maybe_recompile pc=0x0000000002e67960 method=java.util.HashMap.getNode(ILjava/lang/Object;)Ljava/util/HashMap$Node; @ 126
Event: 5.573 Thread 0x0000000002ae0800 Uncommon trap: reason=bimorphic action=maybe_recompile pc=0x00000000031e1bb8 method=com.android.dx.ssa.LiteralOpUpgrader.tryReplacingWithConstant(Lcom/android/dx/ssa/NormalSsaInsn;)Z @ 62
Event: 5.665 Thread 0x0000000002ae0800 Uncommon trap: reason=bimorphic action=maybe_recompile pc=0x00000000031e1bb8 method=com.android.dx.ssa.LiteralOpUpgrader.tryReplacingWithConstant(Lcom/android/dx/ssa/NormalSsaInsn;)Z @ 62
Event: 5.821 Thread 0x0000000002ae0800 Uncommon trap: reason=bimorphic action=maybe_recompile pc=0x000000000324c158 method=com.android.dx.ssa.SCCP.setLatticeValueTo(IILcom/android/dx/rop/cst/Constant;)Z @ 43
Event: 5.821 Thread 0x0000000002ae0800 Uncommon trap: reason=bimorphic action=maybe_recompile pc=0x000000000324c158 method=com.android.dx.ssa.SCCP.setLatticeValueTo(IILcom/android/dx/rop/cst/Constant;)Z @ 43
Event: 5.840 Thread 0x0000000002ae0800 Uncommon trap: reason=bimorphic action=maybe_recompile pc=0x00000000031e1bb8 method=com.android.dx.ssa.LiteralOpUpgrader.tryReplacingWithConstant(Lcom/android/dx/ssa/NormalSsaInsn;)Z @ 62
Event: 5.912 Thread 0x0000000002ae0800 Uncommon trap: reason=bimorphic action=maybe_recompile pc=0x000000000324c158 method=com.android.dx.ssa.SCCP.setLatticeValueTo(IILcom/android/dx/rop/cst/Constant;)Z @ 43
Event: 5.912 Thread 0x0000000002ae0800 Uncommon trap: reason=bimorphic action=maybe_recompile pc=0x000000000324c158 method=com.android.dx.ssa.SCCP.setLatticeValueTo(IILcom/android/dx/rop/cst/Constant;)Z @ 43

Internal exceptions (10 events):
Event: 1.594 Thread 0x0000000002ae0800 Exception <a 'java/security/PrivilegedActionException'> (0x00000000eb714d08) thrown at [C:\workspace\8-2-build-windows-amd64-cygwin\jdk8u31\2394\hotspot\src\share\vm\prims\jvm.cpp, line 1312]
Event: 1.702 Thread 0x0000000002ae0800 Exception <a 'java/security/PrivilegedActionException'> (0x00000000eb7661e8) thrown at [C:\workspace\8-2-build-windows-amd64-cygwin\jdk8u31\2394\hotspot\src\share\vm\prims\jvm.cpp, line 1312]
Event: 1.703 Thread 0x0000000002ae0800 Exception <a 'java/security/PrivilegedActionException'> (0x00000000eb770300) thrown at [C:\workspace\8-2-build-windows-amd64-cygwin\jdk8u31\2394\hotspot\src\share\vm\prims\jvm.cpp, line 1312]
Event: 1.703 Thread 0x0000000002ae0800 Exception <a 'java/security/PrivilegedActionException'> (0x00000000eb772880) thrown at [C:\workspace\8-2-build-windows-amd64-cygwin\jdk8u31\2394\hotspot\src\share\vm\prims\jvm.cpp, line 1312]
Event: 2.196 Thread 0x0000000002ae0800 Exception <a 'java/security/PrivilegedActionException'> (0x00000000ebc1f0a8) thrown at [C:\workspace\8-2-build-windows-amd64-cygwin\jdk8u31\2394\hotspot\src\share\vm\prims\jvm.cpp, line 1312]
Event: 2.228 Thread 0x0000000002ae0800 Exception <a 'java/security/PrivilegedActionException'> (0x00000000ebcafec8) thrown at [C:\workspace\8-2-build-windows-amd64-cygwin\jdk8u31\2394\hotspot\src\share\vm\prims\jvm.cpp, line 1312]
Event: 2.453 Thread 0x0000000002ae0800 Exception <a 'java/security/PrivilegedActionException'> (0x00000000ec449ca8) thrown at [C:\workspace\8-2-build-windows-amd64-cygwin\jdk8u31\2394\hotspot\src\share\vm\prims\jvm.cpp, line 1312]
Event: 2.468 Thread 0x0000000002ae0800 Exception <a 'java/security/PrivilegedActionException'> (0x00000000ec5068f0) thrown at [C:\workspace\8-2-build-windows-amd64-cygwin\jdk8u31\2394\hotspot\src\share\vm\prims\jvm.cpp, line 1312]
Event: 3.547 Thread 0x0000000002ae0800 Implicit null exception at 0x0000000002f981a2 to 0x0000000002f98295
Event: 5.827 Thread 0x0000000002ae0800 Exception <a 'java/security/PrivilegedActionException'> (0x00000000eda3b5f0) thrown at [C:\workspace\8-2-build-windows-amd64-cygwin\jdk8u31\2394\hotspot\src\share\vm\prims\jvm.cpp, line 1312]

Events (10 events):
Event: 5.840 Thread 0x0000000002ae0800 DEOPT PACKING pc=0x00000000031e1bb8 sp=0x0000000002ade5a0
Event: 5.840 Thread 0x0000000002ae0800 DEOPT UNPACKING pc=0x0000000002c2556a sp=0x0000000002ade478 mode 2
Event: 5.912 Thread 0x0000000002ae0800 Uncommon trap: trap_request=0xffffffc6 fr.pc=0x000000000324c158
Event: 5.912 Thread 0x0000000002ae0800 DEOPT PACKING pc=0x000000000324c158 sp=0x0000000002ade580
Event: 5.912 Thread 0x0000000002ae0800 DEOPT UNPACKING pc=0x0000000002c2556a sp=0x0000000002ade4d8 mode 2
Event: 5.912 Thread 0x0000000002ae0800 Uncommon trap: trap_request=0xffffffc6 fr.pc=0x000000000324c158
Event: 5.912 Thread 0x0000000002ae0800 DEOPT PACKING pc=0x000000000324c158 sp=0x0000000002ade580
Event: 5.912 Thread 0x0000000002ae0800 DEOPT UNPACKING pc=0x0000000002c2556a sp=0x0000000002ade4d8 mode 2
Event: 6.143 Executing VM operation: ParallelGCFailedAllocation
Event: 6.290 Executing VM operation: ParallelGCFailedAllocation done


Dynamic libraries:
0x00007ff762100000 - 0x00007ff762134000 	D:\Program Files\Java\jdk1.8.0_31\bin\java.exe
0x00007ff93fb30000 - 0x00007ff93fcdc000 	C:\Windows\SYSTEM32\ntdll.dll
0x00007ff93ce50000 - 0x00007ff93cf8e000 	C:\Windows\system32\KERNEL32.DLL
0x00007ff93bb10000 - 0x00007ff93bc25000 	C:\Windows\system32\KERNELBASE.dll
0x00007ff93a5e0000 - 0x00007ff93a66e000 	C:\Windows\system32\apphelp.dll
0x00007ff910c50000 - 0x00007ff910ca3000 	C:\Windows\AppPatch\AppPatch64\AcGenral.DLL
0x00007ff93e520000 - 0x00007ff93e5ca000 	C:\Windows\system32\msvcrt.dll
0x00007ff93b870000 - 0x00007ff93b89e000 	C:\Windows\SYSTEM32\SspiCli.dll
0x00007ff93e7c0000 - 0x00007ff93e814000 	C:\Windows\system32\SHLWAPI.dll
0x00007ff93bf70000 - 0x00007ff93c0e7000 	C:\Windows\system32\USER32.dll
0x00007ff93c0f0000 - 0x00007ff93c284000 	C:\Windows\system32\ole32.dll
0x00007ff93d000000 - 0x00007ff93e518000 	C:\Windows\system32\SHELL32.dll
0x00007ff93b040000 - 0x00007ff93b061000 	C:\Windows\SYSTEM32\USERENV.dll
0x00007ff93cda0000 - 0x00007ff93ce4a000 	C:\Windows\system32\ADVAPI32.dll
0x00007ff92ca60000 - 0x00007ff92ca7e000 	C:\Windows\SYSTEM32\MPR.dll
0x00007ff93c730000 - 0x00007ff93c871000 	C:\Windows\system32\RPCRT4.dll
0x00007ff93cfa0000 - 0x00007ff93cff9000 	C:\Windows\SYSTEM32\sechost.dll
0x00007ff93ca20000 - 0x00007ff93cc31000 	C:\Windows\SYSTEM32\combase.dll
0x00007ff93c440000 - 0x00007ff93c591000 	C:\Windows\system32\GDI32.dll
0x00007ff93ba40000 - 0x00007ff93ba55000 	C:\Windows\SYSTEM32\profapi.dll
0x00007ff939fb0000 - 0x00007ff93a062000 	C:\Windows\SYSTEM32\SHCORE.dll
0x00007ff93c660000 - 0x00007ff93c696000 	C:\Windows\system32\IMM32.DLL
0x00007ff93cc40000 - 0x00007ff93cd92000 	C:\Windows\system32\MSCTF.dll
0x00007ff939690000 - 0x00007ff93990a000 	C:\Windows\WinSxS\amd64_microsoft.windows.common-controls_6595b64144ccf1df_6.0.9600.17810_none_6240b9c7ecbd0bda\COMCTL32.dll
0x00007ff92dc00000 - 0x00007ff92dc8d000 	C:\Program Files (x86)\AVG\AVG2015\avghooka.dll
0x000000006c570000 - 0x000000006c642000 	D:\Program Files\Java\jdk1.8.0_31\jre\bin\msvcr100.dll
0x000000006bd10000 - 0x000000006c56a000 	D:\Program Files\Java\jdk1.8.0_31\jre\bin\server\jvm.dll
0x00007ff932380000 - 0x00007ff932389000 	C:\Windows\SYSTEM32\WSOCK32.dll
0x00007ff937310000 - 0x00007ff937332000 	C:\Windows\SYSTEM32\WINMM.dll
0x00007ff93e7b0000 - 0x00007ff93e7b7000 	C:\Windows\system32\PSAPI.DLL
0x00007ff93c950000 - 0x00007ff93c9aa000 	C:\Windows\system32\WS2_32.dll
0x00007ff937160000 - 0x00007ff93718a000 	C:\Windows\SYSTEM32\WINMMBASE.dll
0x00007ff93cf90000 - 0x00007ff93cf99000 	C:\Windows\system32\NSI.dll
0x00007ff93bf20000 - 0x00007ff93bf6f000 	C:\Windows\SYSTEM32\cfgmgr32.dll
0x00007ff93a840000 - 0x00007ff93a868000 	C:\Windows\SYSTEM32\DEVOBJ.dll
0x000000006bd00000 - 0x000000006bd0f000 	D:\Program Files\Java\jdk1.8.0_31\jre\bin\verify.dll
0x000000006bcd0000 - 0x000000006bcf8000 	D:\Program Files\Java\jdk1.8.0_31\jre\bin\java.dll
0x000000006bcb0000 - 0x000000006bcc6000 	D:\Program Files\Java\jdk1.8.0_31\jre\bin\zip.dll
0x00007ff9304d0000 - 0x00007ff930659000 	C:\Windows\SYSTEM32\dbghelp.dll

VM Arguments:
jvm_args: -Xmx1024M -Dfile.encoding=windows-1252 -Duser.country=GB -Duser.language=en -Duser.variant 
java_command: com.android.dx.command.Main --dex --output C:\Users\Qamaruz\IES2\app\build\intermediates\pre-dexed\debug\classes-fd7417dca594da4f1c02f0d142c1504f9b3c153b.jar C:\Users\Qamaruz\IES2\app\build\intermediates\exploded-aar\com.google.android.gms\play-services-drive\7.5.0\classes.jar
java_class_path (initial): C:\Users\Qamaruz\AppData\Local\Android\sdk\build-tools\22.0.1\lib\dx.jar
Launcher Type: SUN_STANDARD

Environment Variables:
PATH=C:\ProgramData\Oracle\Java\javapath;C:\Program Files (x86)\NVIDIA Corporation\PhysX\Common;C:\Program Files (x86)\Intel\iCLS Client\;C:\Program Files\Intel\iCLS Client\;C:\Windows\system32;C:\Windows;C:\Windows\System32\Wbem;C:\Windows\System32\WindowsPowerShell\v1.0\;C:\Program Files\Intel\Intel(R) Management Engine Components\DAL;C:\Program Files (x86)\Intel\Intel(R) Management Engine Components\DAL;C:\Program Files\Intel\Intel(R) Management Engine Components\IPT;C:\Program Files (x86)\Intel\Intel(R) Management Engine Components\IPT;C:\Program Files (x86)\Windows Live\Shared;C:\Program Files\Intel\WiFi\bin\;C:\Program Files\Common Files\Intel\WirelessCommon\;D:\Program Files (x86)\QuickTime\QTSystem\;D:\Program Files\Java\jdk1.8.0_31\bin;D:\wamp\bin\mysql\mysql5.6.17\bin;D:\Program Files\nodejs\;D:\Program Files (x86)\Git\cmd;C:\TDM-GCC-64\bin;C:\Program Files\Android\Android Studio\gradle\gradle-2.2.1\bin;C:\Program Files\Intel\WiFi\bin\;C:\Program Files\Common Files\Intel\WirelessCommon\;D:\Program Files (x86)\Nmap;C:\Users\Qamaruz\AppData\Roaming\npm
USERNAME=Qamaruz
OS=Windows_NT
PROCESSOR_IDENTIFIER=Intel64 Family 6 Model 60 Stepping 3, GenuineIntel



---------------  S Y S T E M  ---------------

OS: Windows 8.1 , 64 bit Build 9600 

CPU:total 8 (4 cores per cpu, 2 threads per core) family 6 model 60 stepping 3, cmov, cx8, fxsr, mmx, sse, sse2, sse3, ssse3, sse4.1, sse4.2, popcnt, avx, avx2, aes, clmul, erms, lzcnt, ht, tsc, tscinvbit, bmi1, bmi2

Memory: 4k page, physical 8300772k(1867436k free), swap 8300772k(5120k free)

vm_info: Java HotSpot(TM) 64-Bit Server VM (25.31-b07) for windows-amd64 JRE (1.8.0_31-b13), built on Dec 17 2014 21:00:28 by "java_re" with MS VC++ 10.0 (VS2010)

time: Wed Jun 24 14:30:35 2015
elapsed time: 6 seconds (0d 0h 0m 6s)

