#
# There is insufficient memory for the Java Runtime Environment to continue.
# Native memory allocation (malloc) failed to allocate 408496 bytes for Chunk::new
# Possible reasons:
#   The system is out of physical RAM or swap space
#   In 32 bit mode, the process size limit was hit
# Possible solutions:
#   Reduce memory load on the system
#   Increase physical memory or swap space
#   Check if swap backing store is full
#   Use 64 bit Java on a 64 bit OS
#   Decrease Java heap size (-Xmx/-Xms)
#   Decrease number of Java threads
#   Decrease Java thread stack sizes (-Xss)
#   Set larger code cache with -XX:ReservedCodeCacheSize=
# This output file may be truncated or incomplete.
#
#  Out of Memory Error (allocation.cpp:390), pid=9504, tid=9512
#
# JRE version: Java(TM) SE Runtime Environment (8.0_31-b13) (build 1.8.0_31-b13)
# Java VM: Java HotSpot(TM) 64-Bit Server VM (25.31-b07 mixed mode windows-amd64 compressed oops)
# Failed to write core dump. Minidumps are not enabled by default on client versions of Windows
#

---------------  T H R E A D  ---------------

Current thread (0x0000000016c7d800):  JavaThread "C2 CompilerThread2" daemon [_thread_in_native, id=9512, stack(0x0000000017400000,0x0000000017500000)]

Stack: [0x0000000017400000,0x0000000017500000]
Native frames: (J=compiled Java code, j=interpreted, Vv=VM code, C=native code)
V  [jvm.dll+0x3169ba]


Current CompileTask:
C2:   6634 1393       4       com.android.dx.ssa.SCCP::simulateBranch (666 bytes)


---------------  P R O C E S S  ---------------

Java Threads: ( => current thread )
  0x0000000016c93800 JavaThread "Service Thread" daemon [_thread_blocked, id=9620, stack(0x0000000017600000,0x0000000017700000)]
  0x0000000016c82000 JavaThread "C1 CompilerThread3" daemon [_thread_blocked, id=9616, stack(0x0000000017500000,0x0000000017600000)]
=>0x0000000016c7d800 JavaThread "C2 CompilerThread2" daemon [_thread_in_native, id=9512, stack(0x0000000017400000,0x0000000017500000)]
  0x0000000016c76800 JavaThread "C2 CompilerThread1" daemon [_thread_in_native, id=9484, stack(0x0000000017300000,0x0000000017400000)]
  0x0000000016c26000 JavaThread "C2 CompilerThread0" daemon [_thread_in_native, id=9336, stack(0x0000000017200000,0x0000000017300000)]
  0x0000000016c24800 JavaThread "Attach Listener" daemon [_thread_blocked, id=9332, stack(0x0000000017100000,0x0000000017200000)]
  0x0000000016c23800 JavaThread "Signal Dispatcher" daemon [_thread_blocked, id=9328, stack(0x0000000017000000,0x0000000017100000)]
  0x00000000020f7800 JavaThread "Finalizer" daemon [_thread_blocked, id=9700, stack(0x0000000016b00000,0x0000000016c00000)]
  0x00000000020f1000 JavaThread "Reference Handler" daemon [_thread_blocked, id=9564, stack(0x0000000016a00000,0x0000000016b00000)]
  0x0000000002000800 JavaThread "main" [_thread_in_vm, id=6864, stack(0x0000000001e10000,0x0000000001f10000)]

Other Threads:
  0x0000000014c18800 VMThread [stack: 0x0000000016900000,0x0000000016a00000] [id=9400]
  0x0000000016c94000 WatcherThread [stack: 0x0000000017700000,0x0000000017800000] [id=9628]

VM state:not at safepoint (normal execution)

VM Mutex/Monitor currently owned by a thread: None

Heap:
 PSYoungGen      total 38400K, used 7431K [0x00000000eab00000, 0x00000000ed580000, 0x0000000100000000)
  eden space 33280K, 6% used [0x00000000eab00000,0x00000000ead440d0,0x00000000ecb80000)
  from space 5120K, 99% used [0x00000000ecb80000,0x00000000ed07dc88,0x00000000ed080000)
  to   space 5120K, 0% used [0x00000000ed080000,0x00000000ed080000,0x00000000ed580000)
 ParOldGen       total 87552K, used 1774K [0x00000000c0000000, 0x00000000c5580000, 0x00000000eab00000)
  object space 87552K, 2% used [0x00000000c0000000,0x00000000c01bbab8,0x00000000c5580000)
 Metaspace       used 5746K, capacity 6960K, committed 7040K, reserved 1056768K
  class space    used 550K, capacity 616K, committed 640K, reserved 1048576K

Card table byte_map: [0x00000000114c0000,0x00000000116d0000] byte_map_base: 0x0000000010ec0000

Marking Bits: (ParMarkBitMap*) 0x000000006d12d4f0
 Begin Bits: [0x0000000012030000, 0x0000000013030000)
 End Bits:   [0x0000000013030000, 0x0000000014030000)

Polling page: 0x00000000006d0000

CodeCache: size=245760Kb used=5891Kb max_used=5891Kb free=239868Kb
 bounds [0x0000000002100000, 0x00000000026d0000, 0x0000000011100000]
 total_blobs=1682 nmethods=1422 adapters=174
 compilation: enabled

Compilation events (10 events):
Event: 6.601 Thread 0x0000000016c82000 1419       3       com.android.dx.rop.code.Rops::opReturn (89 bytes)
Event: 6.601 Thread 0x0000000016c82000 nmethod 1419 0x000000000269e1d0 code [0x000000000269e400, 0x000000000269efd8]
Event: 6.603 Thread 0x0000000016c26000 nmethod 1408 0x00000000026c2ed0 code [0x00000000026c3040, 0x00000000026c3718]
Event: 6.603 Thread 0x0000000016c26000 1410   !   4       com.android.dx.cf.code.BaseMachine::arg (36 bytes)
Event: 6.603 Thread 0x0000000016c26000 nmethod 1410 0x000000000269de90 code [0x000000000269dfc0, 0x000000000269e078]
Event: 6.603 Thread 0x0000000016c26000 1413       4       com.android.dx.rop.code.Insn::hashCode (5 bytes)
Event: 6.604 Thread 0x0000000016c26000 nmethod 1413 0x00000000026bffd0 code [0x00000000026c0120, 0x00000000026c01c8]
Event: 6.604 Thread 0x0000000016c26000 1414   !   4       com.android.dx.cf.cst.ConstantPoolParser::parse0 (731 bytes)
Event: 6.605 Thread 0x0000000016c82000 1421       3       com.android.dx.cf.iface.StdMethod::<init> (40 bytes)
Event: 6.606 Thread 0x0000000016c82000 nmethod 1421 0x00000000026c1e10 code [0x00000000026c1fe0, 0x00000000026c2a48]

GC Heap History (2 events):
Event: 6.032 GC heap before
{Heap before GC invocations=1 (full 0):
 PSYoungGen      total 38400K, used 33280K [0x00000000eab00000, 0x00000000ed580000, 0x0000000100000000)
  eden space 33280K, 100% used [0x00000000eab00000,0x00000000ecb80000,0x00000000ecb80000)
  from space 5120K, 0% used [0x00000000ed080000,0x00000000ed080000,0x00000000ed580000)
  to   space 5120K, 0% used [0x00000000ecb80000,0x00000000ecb80000,0x00000000ed080000)
 ParOldGen       total 87552K, used 0K [0x00000000c0000000, 0x00000000c5580000, 0x00000000eab00000)
  object space 87552K, 0% used [0x00000000c0000000,0x00000000c0000000,0x00000000c5580000)
 Metaspace       used 5733K, capacity 6960K, committed 7040K, reserved 1056768K
  class space    used 550K, capacity 616K, committed 640K, reserved 1048576K
Event: 6.185 GC heap after
Heap after GC invocations=1 (full 0):
 PSYoungGen      total 38400K, used 5111K [0x00000000eab00000, 0x00000000ed580000, 0x0000000100000000)
  eden space 33280K, 0% used [0x00000000eab00000,0x00000000eab00000,0x00000000ecb80000)
  from space 5120K, 99% used [0x00000000ecb80000,0x00000000ed07dc88,0x00000000ed080000)
  to   space 5120K, 0% used [0x00000000ed080000,0x00000000ed080000,0x00000000ed580000)
 ParOldGen       total 87552K, used 1774K [0x00000000c0000000, 0x00000000c5580000, 0x00000000eab00000)
  object space 87552K, 2% used [0x00000000c0000000,0x00000000c01bbab8,0x00000000c5580000)
 Metaspace       used 5733K, capacity 6960K, committed 7040K, reserved 1056768K
  class space    used 550K, capacity 616K, committed 640K, reserved 1048576K
}

Deoptimization events (8 events):
Event: 4.090 Thread 0x0000000002000800 Uncommon trap: reason=bimorphic action=maybe_recompile pc=0x0000000002344754 method=java.util.HashMap.getNode(ILjava/lang/Object;)Ljava/util/HashMap$Node; @ 126
Event: 4.536 Thread 0x0000000002000800 Uncommon trap: reason=class_check action=maybe_recompile pc=0x00000000024c69a8 method=com.android.dx.ssa.NormalSsaInsn.accept(Lcom/android/dx/ssa/SsaInsn$Visitor;)V @ 9
Event: 4.536 Thread 0x0000000002000800 Uncommon trap: reason=class_check action=maybe_recompile pc=0x00000000023e38b0 method=com.android.dx.ssa.NormalSsaInsn.accept(Lcom/android/dx/ssa/SsaInsn$Visitor;)V @ 9
Event: 4.536 Thread 0x0000000002000800 Uncommon trap: reason=class_check action=maybe_recompile pc=0x00000000023e38b0 method=com.android.dx.ssa.NormalSsaInsn.accept(Lcom/android/dx/ssa/SsaInsn$Visitor;)V @ 9
Event: 4.536 Thread 0x0000000002000800 Uncommon trap: reason=class_check action=maybe_recompile pc=0x00000000023e38b0 method=com.android.dx.ssa.NormalSsaInsn.accept(Lcom/android/dx/ssa/SsaInsn$Visitor;)V @ 9
Event: 4.538 Thread 0x0000000002000800 Uncommon trap: reason=class_check action=maybe_recompile pc=0x00000000024c69a8 method=com.android.dx.ssa.NormalSsaInsn.accept(Lcom/android/dx/ssa/SsaInsn$Visitor;)V @ 9
Event: 4.701 Thread 0x0000000002000800 Uncommon trap: reason=unreached action=reinterpret pc=0x000000000252125c method=com.android.dx.ssa.SsaMethod.updateOneDefinition(Lcom/android/dx/ssa/SsaInsn;Lcom/android/dx/rop/code/RegisterSpec;)V @ 4
Event: 5.318 Thread 0x0000000002000800 Uncommon trap: reason=bimorphic action=maybe_recompile pc=0x0000000002334490 method=java.util.HashMap.getNode(ILjava/lang/Object;)Ljava/util/HashMap$Node; @ 126

Internal exceptions (10 events):
Event: 3.368 Thread 0x0000000002000800 Exception <a 'java/security/PrivilegedActionException'> (0x00000000eb3ec188) thrown at [C:\workspace\8-2-build-windows-amd64-cygwin\jdk8u31\2394\hotspot\src\share\vm\prims\jvm.cpp, line 1312]
Event: 3.440 Thread 0x0000000002000800 Exception <a 'java/security/PrivilegedActionException'> (0x00000000eb4b3ae0) thrown at [C:\workspace\8-2-build-windows-amd64-cygwin\jdk8u31\2394\hotspot\src\share\vm\prims\jvm.cpp, line 1312]
Event: 3.441 Thread 0x0000000002000800 Exception <a 'java/security/PrivilegedActionException'> (0x00000000eb4ba900) thrown at [C:\workspace\8-2-build-windows-amd64-cygwin\jdk8u31\2394\hotspot\src\share\vm\prims\jvm.cpp, line 1312]
Event: 4.188 Thread 0x0000000002000800 Exception <a 'java/security/PrivilegedActionException'> (0x00000000eb9a1d68) thrown at [C:\workspace\8-2-build-windows-amd64-cygwin\jdk8u31\2394\hotspot\src\share\vm\prims\jvm.cpp, line 1312]
Event: 4.194 Thread 0x0000000002000800 Exception <a 'java/security/PrivilegedActionException'> (0x00000000eb9b5f90) thrown at [C:\workspace\8-2-build-windows-amd64-cygwin\jdk8u31\2394\hotspot\src\share\vm\prims\jvm.cpp, line 1312]
Event: 4.532 Thread 0x0000000002000800 Exception <a 'java/security/PrivilegedActionException'> (0x00000000ebd1a3c0) thrown at [C:\workspace\8-2-build-windows-amd64-cygwin\jdk8u31\2394\hotspot\src\share\vm\prims\jvm.cpp, line 1312]
Event: 4.558 Thread 0x0000000002000800 Exception <a 'java/security/PrivilegedActionException'> (0x00000000ebd4dbb8) thrown at [C:\workspace\8-2-build-windows-amd64-cygwin\jdk8u31\2394\hotspot\src\share\vm\prims\jvm.cpp, line 1312]
Event: 4.565 Thread 0x0000000002000800 Exception <a 'java/security/PrivilegedActionException'> (0x00000000ebd57b40) thrown at [C:\workspace\8-2-build-windows-amd64-cygwin\jdk8u31\2394\hotspot\src\share\vm\prims\jvm.cpp, line 1312]
Event: 4.566 Thread 0x0000000002000800 Exception <a 'java/security/PrivilegedActionException'> (0x00000000ebd5a0c0) thrown at [C:\workspace\8-2-build-windows-amd64-cygwin\jdk8u31\2394\hotspot\src\share\vm\prims\jvm.cpp, line 1312]
Event: 4.700 Thread 0x0000000002000800 Exception <a 'java/security/PrivilegedActionException'> (0x00000000ebd6dd20) thrown at [C:\workspace\8-2-build-windows-amd64-cygwin\jdk8u31\2394\hotspot\src\share\vm\prims\jvm.cpp, line 1312]

Events (10 events):
Event: 4.700 loading class com/android/dx/rop/code/RegOps
Event: 4.700 loading class com/android/dx/rop/code/RegOps done
Event: 4.701 Thread 0x0000000002000800 Uncommon trap: trap_request=0xffffffad fr.pc=0x000000000252125c
Event: 4.701 Thread 0x0000000002000800 DEOPT PACKING pc=0x000000000252125c sp=0x0000000001f0e250
Event: 4.701 Thread 0x0000000002000800 DEOPT UNPACKING pc=0x000000000214556a sp=0x0000000001f0e1f8 mode 2
Event: 5.318 Thread 0x0000000002000800 Uncommon trap: trap_request=0xffffffc6 fr.pc=0x0000000002334490
Event: 5.318 Thread 0x0000000002000800 DEOPT PACKING pc=0x0000000002334490 sp=0x0000000001f0e440
Event: 5.318 Thread 0x0000000002000800 DEOPT UNPACKING pc=0x000000000214556a sp=0x0000000001f0e3b0 mode 2
Event: 6.030 Executing VM operation: ParallelGCFailedAllocation
Event: 6.185 Executing VM operation: ParallelGCFailedAllocation done


Dynamic libraries:
0x00007ff795920000 - 0x00007ff795954000 	D:\Program Files\Java\jdk1.8.0_31\bin\java.exe
0x00007ffff2800000 - 0x00007ffff29ac000 	C:\Windows\SYSTEM32\ntdll.dll
0x00007fffeefa0000 - 0x00007fffef0de000 	C:\Windows\system32\KERNEL32.DLL
0x00007fffeea20000 - 0x00007fffeeb35000 	C:\Windows\system32\KERNELBASE.dll
0x00007fffed310000 - 0x00007fffed39e000 	C:\Windows\system32\apphelp.dll
0x00007fffdf8b0000 - 0x00007fffdf903000 	C:\Windows\AppPatch\AppPatch64\AcGenral.DLL
0x00007fffeecb0000 - 0x00007fffeed5a000 	C:\Windows\system32\msvcrt.dll
0x00007fffee5a0000 - 0x00007fffee5ce000 	C:\Windows\SYSTEM32\SspiCli.dll
0x00007fffef510000 - 0x00007fffef564000 	C:\Windows\system32\SHLWAPI.dll
0x00007fffeee20000 - 0x00007fffeef97000 	C:\Windows\system32\USER32.dll
0x00007ffff13c0000 - 0x00007ffff1554000 	C:\Windows\system32\ole32.dll
0x00007fffefe20000 - 0x00007ffff1338000 	C:\Windows\system32\SHELL32.dll
0x00007fffee080000 - 0x00007fffee0a1000 	C:\Windows\SYSTEM32\USERENV.dll
0x00007fffef3f0000 - 0x00007fffef49a000 	C:\Windows\system32\ADVAPI32.dll
0x00007fffdfe30000 - 0x00007fffdfe4e000 	C:\Windows\SYSTEM32\MPR.dll
0x00007fffef6f0000 - 0x00007fffef831000 	C:\Windows\system32\RPCRT4.dll
0x00007ffff1350000 - 0x00007ffff13a9000 	C:\Windows\SYSTEM32\sechost.dll
0x00007fffef840000 - 0x00007fffefa51000 	C:\Windows\SYSTEM32\combase.dll
0x00007fffef570000 - 0x00007fffef6c1000 	C:\Windows\system32\GDI32.dll
0x00007fffee770000 - 0x00007fffee785000 	C:\Windows\SYSTEM32\profapi.dll
0x00007fffecce0000 - 0x00007fffecd92000 	C:\Windows\SYSTEM32\SHCORE.dll
0x00007fffefde0000 - 0x00007fffefe16000 	C:\Windows\system32\IMM32.DLL
0x00007fffefc80000 - 0x00007fffefdd2000 	C:\Windows\system32\MSCTF.dll
0x00007fffec3c0000 - 0x00007fffec63b000 	C:\Windows\WinSxS\amd64_microsoft.windows.common-controls_6595b64144ccf1df_6.0.9600.17415_none_6240486fecbd8abb\COMCTL32.dll
0x00007fffe1210000 - 0x00007fffe129d000 	C:\Program Files (x86)\AVG\AVG2015\avghooka.dll
0x000000006d1b0000 - 0x000000006d282000 	D:\Program Files\Java\jdk1.8.0_31\jre\bin\msvcr100.dll
0x000000006c950000 - 0x000000006d1aa000 	D:\Program Files\Java\jdk1.8.0_31\jre\bin\server\jvm.dll
0x00007fffe59c0000 - 0x00007fffe59c9000 	C:\Windows\SYSTEM32\WSOCK32.dll
0x00007fffea0a0000 - 0x00007fffea0c2000 	C:\Windows\SYSTEM32\WINMM.dll
0x00007fffeeca0000 - 0x00007fffeeca7000 	C:\Windows\system32\PSAPI.DLL
0x00007fffef2c0000 - 0x00007fffef31a000 	C:\Windows\system32\WS2_32.dll
0x00007fffe9ce0000 - 0x00007fffe9d0a000 	C:\Windows\SYSTEM32\WINMMBASE.dll
0x00007fffefa60000 - 0x00007fffefa69000 	C:\Windows\system32\NSI.dll
0x00007fffeec50000 - 0x00007fffeec9f000 	C:\Windows\SYSTEM32\cfgmgr32.dll
0x00007fffed590000 - 0x00007fffed5b8000 	C:\Windows\SYSTEM32\DEVOBJ.dll
0x000000006c940000 - 0x000000006c94f000 	D:\Program Files\Java\jdk1.8.0_31\jre\bin\verify.dll
0x000000006c910000 - 0x000000006c938000 	D:\Program Files\Java\jdk1.8.0_31\jre\bin\java.dll
0x000000006c8f0000 - 0x000000006c906000 	D:\Program Files\Java\jdk1.8.0_31\jre\bin\zip.dll
0x00007fffdfa10000 - 0x00007fffdfb9a000 	C:\Windows\SYSTEM32\dbghelp.dll

VM Arguments:
jvm_args: -Xmx1024M -Dfile.encoding=windows-1252 -Duser.country=GB -Duser.language=en -Duser.variant 
java_command: com.android.dx.command.Main --dex --output C:\Users\Qamaruz\IES2\app\build\intermediates\pre-dexed\debug\classes-0e6616a728084e4286f643bf7747ba0e21daecf2.jar C:\Users\Qamaruz\IES2\app\build\intermediates\exploded-aar\com.google.android.gms\play-services-location\7.5.0\classes.jar
java_class_path (initial): C:\Users\Qamaruz\AppData\Local\Android\sdk\build-tools\22.0.1\lib\dx.jar
Launcher Type: SUN_STANDARD

Environment Variables:
PATH=C:\ProgramData\Oracle\Java\javapath;C:\Program Files (x86)\NVIDIA Corporation\PhysX\Common;C:\Program Files (x86)\Intel\iCLS Client\;C:\Program Files\Intel\iCLS Client\;C:\Windows\system32;C:\Windows;C:\Windows\System32\Wbem;C:\Windows\System32\WindowsPowerShell\v1.0\;C:\Program Files\Intel\Intel(R) Management Engine Components\DAL;C:\Program Files (x86)\Intel\Intel(R) Management Engine Components\DAL;C:\Program Files\Intel\Intel(R) Management Engine Components\IPT;C:\Program Files (x86)\Intel\Intel(R) Management Engine Components\IPT;C:\Program Files (x86)\Windows Live\Shared;C:\Program Files\Intel\WiFi\bin\;C:\Program Files\Common Files\Intel\WirelessCommon\;D:\Program Files (x86)\QuickTime\QTSystem\;D:\Program Files\Java\jdk1.8.0_31\bin;D:\wamp\bin\mysql\mysql5.6.17\bin;D:\Program Files\nodejs\;D:\Program Files (x86)\Git\cmd;C:\TDM-GCC-64\bin;C:\Program Files\Android\Android Studio\gradle\gradle-2.2.1\bin;C:\Program Files\Intel\WiFi\bin\;C:\Program Files\Common Files\Intel\WirelessCommon\;D:\Program Files (x86)\Nmap;C:\Users\Qamaruz\AppData\Roaming\npm
USERNAME=Qamaruz
OS=Windows_NT
PROCESSOR_IDENTIFIER=Intel64 Family 6 Model 60 Stepping 3, GenuineIntel



---------------  S Y S T E M  ---------------

OS: Windows 8.1 , 64 bit Build 9600 

CPU:total 8 (4 cores per cpu, 2 threads per core) family 6 model 60 stepping 3, cmov, cx8, fxsr, mmx, sse, sse2, sse3, ssse3, sse4.1, sse4.2, popcnt, avx, avx2, aes, clmul, erms, lzcnt, ht, tsc, tscinvbit, bmi1, bmi2

Memory: 4k page, physical 8300772k(2035056k free), swap 8300772k(5056k free)

vm_info: Java HotSpot(TM) 64-Bit Server VM (25.31-b07) for windows-amd64 JRE (1.8.0_31-b13), built on Dec 17 2014 21:00:28 by "java_re" with MS VC++ 10.0 (VS2010)

time: Fri Jun 05 10:59:39 2015
elapsed time: 6 seconds (0d 0h 0m 6s)

