#
# There is insufficient memory for the Java Runtime Environment to continue.
# Native memory allocation (malloc) failed to allocate 65552 bytes for Chunk::new
# Possible reasons:
#   The system is out of physical RAM or swap space
#   In 32 bit mode, the process size limit was hit
# Possible solutions:
#   Reduce memory load on the system
#   Increase physical memory or swap space
#   Check if swap backing store is full
#   Use 64 bit Java on a 64 bit OS
#   Decrease Java heap size (-Xmx/-Xms)
#   Decrease number of Java threads
#   Decrease Java thread stack sizes (-Xss)
#   Set larger code cache with -XX:ReservedCodeCacheSize=
# This output file may be truncated or incomplete.
#
#  Out of Memory Error (allocation.cpp:390), pid=8536, tid=7220
#
# JRE version: Java(TM) SE Runtime Environment (8.0_31-b13) (build 1.8.0_31-b13)
# Java VM: Java HotSpot(TM) 64-Bit Server VM (25.31-b07 mixed mode windows-amd64 compressed oops)
# Failed to write core dump. Minidumps are not enabled by default on client versions of Windows
#

---------------  T H R E A D  ---------------

Current thread (0x0000000017229800):  JavaThread "C2 CompilerThread1" daemon [_thread_in_native, id=7220, stack(0x00000000178f0000,0x00000000179f0000)]

Stack: [0x00000000178f0000,0x00000000179f0000]
Native frames: (J=compiled Java code, j=interpreted, Vv=VM code, C=native code)
V  [jvm.dll+0x3169ba]


Current CompileTask:
C2:  24727 2016       4       com.android.dx.ssa.InterferenceRegisterMapper::addMapping (27 bytes)


---------------  P R O C E S S  ---------------

Java Threads: ( => current thread )
  0x00000000172af800 JavaThread "Service Thread" daemon [_thread_blocked, id=8052, stack(0x0000000017bf0000,0x0000000017cf0000)]
  0x000000001726b800 JavaThread "C1 CompilerThread3" daemon [_thread_blocked, id=3828, stack(0x0000000017af0000,0x0000000017bf0000)]
  0x0000000017253800 JavaThread "C2 CompilerThread2" daemon [_thread_in_native, id=4000, stack(0x00000000179f0000,0x0000000017af0000)]
=>0x0000000017229800 JavaThread "C2 CompilerThread1" daemon [_thread_in_native, id=7220, stack(0x00000000178f0000,0x00000000179f0000)]
  0x0000000017215800 JavaThread "C2 CompilerThread0" daemon [_thread_blocked, id=1964, stack(0x00000000177f0000,0x00000000178f0000)]
  0x0000000017214000 JavaThread "Attach Listener" daemon [_thread_blocked, id=9520, stack(0x00000000176f0000,0x00000000177f0000)]
  0x000000001520e800 JavaThread "Signal Dispatcher" daemon [_thread_blocked, id=1808, stack(0x00000000175f0000,0x00000000176f0000)]
  0x00000000026d7800 JavaThread "Finalizer" daemon [_thread_blocked, id=9836, stack(0x00000000170f0000,0x00000000171f0000)]
  0x00000000026d1000 JavaThread "Reference Handler" daemon [_thread_blocked, id=8600, stack(0x0000000016ff0000,0x00000000170f0000)]
  0x00000000025e0800 JavaThread "main" [_thread_in_Java, id=4528, stack(0x00000000024e0000,0x00000000025e0000)]

Other Threads:
  0x00000000151f8800 VMThread [stack: 0x0000000016ef0000,0x0000000016ff0000] [id=5196]
  0x00000000172b0800 WatcherThread [stack: 0x0000000017cf0000,0x0000000017df0000] [id=9164]

VM state:not at safepoint (normal execution)

VM Mutex/Monitor currently owned by a thread: None

Heap:
 PSYoungGen      total 138240K, used 2637K [0x00000000eab00000, 0x0000000100000000, 0x0000000100000000)
  eden space 133120K, 1% used [0x00000000eab00000,0x00000000ead937f8,0x00000000f2d00000)
  from space 5120K, 0% used [0x00000000f2d00000,0x00000000f2d00000,0x00000000f3200000)
  to   space 47104K, 0% used [0x00000000fd200000,0x00000000fd200000,0x0000000100000000)
 ParOldGen       total 169472K, used 76676K [0x00000000c0000000, 0x00000000ca580000, 0x00000000eab00000)
  object space 169472K, 45% used [0x00000000c0000000,0x00000000c4ae1300,0x00000000ca580000)
 Metaspace       used 6020K, capacity 7152K, committed 7296K, reserved 1056768K
  class space    used 571K, capacity 616K, committed 640K, reserved 1048576K

Card table byte_map: [0x0000000011aa0000,0x0000000011cb0000] byte_map_base: 0x00000000114a0000

Marking Bits: (ParMarkBitMap*) 0x000000006d12d4f0
 Begin Bits: [0x0000000012610000, 0x0000000013610000)
 End Bits:   [0x0000000013610000, 0x0000000014610000)

Polling page: 0x0000000000ce0000

CodeCache: size=245760Kb used=10466Kb max_used=10478Kb free=235293Kb
 bounds [0x00000000026e0000, 0x0000000003130000, 0x00000000116e0000]
 total_blobs=2267 nmethods=2007 adapters=174
 compilation: enabled

Compilation events (10 events):
Event: 24.656 Thread 0x000000001726b800 2012       3       com.android.dx.ssa.back.FirstFitLocalCombiningAllocator::handleCheckCastResults (413 bytes)
Event: 24.660 Thread 0x000000001726b800 nmethod 2012 0x000000000311f210 code [0x000000000311f7a0, 0x00000000031233b8]
Event: 24.664 Thread 0x0000000017215800 2013       4       com.android.dx.ssa.InterferenceRegisterMapper::addInterfence (62 bytes)
Event: 24.669 Thread 0x0000000017229800 2014       4       com.android.dx.ssa.back.InterferenceGraph::mergeInterferenceSet (29 bytes)
Event: 24.685 Thread 0x0000000017229800 nmethod 2014 0x0000000003115790 code [0x0000000003115920, 0x0000000003115f78]
Event: 24.685 Thread 0x0000000017253800 2015       4       com.android.dx.ssa.back.FirstFitLocalCombiningAllocator::addMapping (76 bytes)
Event: 24.685 Thread 0x0000000017229800 2016       4       com.android.dx.ssa.InterferenceRegisterMapper::addMapping (27 bytes)
Event: 24.700 Thread 0x0000000017215800 nmethod 2013 0x0000000003125c90 code [0x0000000003125e80, 0x0000000003126ed0]
Event: 24.701 Thread 0x0000000017215800 2017       4       com.android.dx.ssa.back.FirstFitLocalCombiningAllocator::canMapReg (32 bytes)
Event: 24.706 Thread 0x0000000017215800 nmethod 2017 0x0000000003114d50 code [0x0000000003114ec0, 0x00000000031151a8]

GC Heap History (10 events):
Event: 5.805 GC heap before
{Heap before GC invocations=2 (full 0):
 PSYoungGen      total 38400K, used 38375K [0x00000000eab00000, 0x00000000ef600000, 0x0000000100000000)
  eden space 33280K, 100% used [0x00000000eab00000,0x00000000ecb80000,0x00000000ecb80000)
  from space 5120K, 99% used [0x00000000ecb80000,0x00000000ed079c98,0x00000000ed080000)
  to   space 5120K, 0% used [0x00000000ef100000,0x00000000ef100000,0x00000000ef600000)
 ParOldGen       total 87552K, used 1715K [0x00000000c0000000, 0x00000000c5580000, 0x00000000eab00000)
  object space 87552K, 1% used [0x00000000c0000000,0x00000000c01accc8,0x00000000c5580000)
 Metaspace       used 5788K, capacity 7024K, committed 7296K, reserved 1056768K
  class space    used 550K, capacity 616K, committed 640K, reserved 1048576K
Event: 6.526 GC heap after
Heap after GC invocations=2 (full 0):
 PSYoungGen      total 71680K, used 5098K [0x00000000eab00000, 0x00000000ef600000, 0x0000000100000000)
  eden space 66560K, 0% used [0x00000000eab00000,0x00000000eab00000,0x00000000eec00000)
  from space 5120K, 99% used [0x00000000ef100000,0x00000000ef5fa810,0x00000000ef600000)
  to   space 5120K, 0% used [0x00000000eec00000,0x00000000eec00000,0x00000000ef100000)
 ParOldGen       total 87552K, used 6654K [0x00000000c0000000, 0x00000000c5580000, 0x00000000eab00000)
  object space 87552K, 7% used [0x00000000c0000000,0x00000000c067fa58,0x00000000c5580000)
 Metaspace       used 5788K, capacity 7024K, committed 7296K, reserved 1056768K
  class space    used 550K, capacity 616K, committed 640K, reserved 1048576K
}
Event: 14.674 GC heap before
{Heap before GC invocations=3 (full 0):
 PSYoungGen      total 71680K, used 71658K [0x00000000eab00000, 0x00000000ef600000, 0x0000000100000000)
  eden space 66560K, 100% used [0x00000000eab00000,0x00000000eec00000,0x00000000eec00000)
  from space 5120K, 99% used [0x00000000ef100000,0x00000000ef5fa810,0x00000000ef600000)
  to   space 5120K, 0% used [0x00000000eec00000,0x00000000eec00000,0x00000000ef100000)
 ParOldGen       total 87552K, used 6654K [0x00000000c0000000, 0x00000000c5580000, 0x00000000eab00000)
  object space 87552K, 7% used [0x00000000c0000000,0x00000000c067fa58,0x00000000c5580000)
 Metaspace       used 5850K, capacity 7088K, committed 7296K, reserved 1056768K
  class space    used 550K, capacity 616K, committed 640K, reserved 1048576K
Event: 15.034 GC heap after
Heap after GC invocations=3 (full 0):
 PSYoungGen      total 71680K, used 5120K [0x00000000eab00000, 0x00000000f3700000, 0x0000000100000000)
  eden space 66560K, 0% used [0x00000000eab00000,0x00000000eab00000,0x00000000eec00000)
  from space 5120K, 100% used [0x00000000eec00000,0x00000000ef100000,0x00000000ef100000)
  to   space 5120K, 0% used [0x00000000f3200000,0x00000000f3200000,0x00000000f3700000)
 ParOldGen       total 87552K, used 16434K [0x00000000c0000000, 0x00000000c5580000, 0x00000000eab00000)
  object space 87552K, 18% used [0x00000000c0000000,0x00000000c100cb70,0x00000000c5580000)
 Metaspace       used 5850K, capacity 7088K, committed 7296K, reserved 1056768K
  class space    used 550K, capacity 616K, committed 640K, reserved 1048576K
}
Event: 16.123 GC heap before
{Heap before GC invocations=4 (full 0):
 PSYoungGen      total 71680K, used 71680K [0x00000000eab00000, 0x00000000f3700000, 0x0000000100000000)
  eden space 66560K, 100% used [0x00000000eab00000,0x00000000eec00000,0x00000000eec00000)
  from space 5120K, 100% used [0x00000000eec00000,0x00000000ef100000,0x00000000ef100000)
  to   space 5120K, 0% used [0x00000000f3200000,0x00000000f3200000,0x00000000f3700000)
 ParOldGen       total 87552K, used 16434K [0x00000000c0000000, 0x00000000c5580000, 0x00000000eab00000)
  object space 87552K, 18% used [0x00000000c0000000,0x00000000c100cb70,0x00000000c5580000)
 Metaspace       used 6001K, capacity 7152K, committed 7296K, reserved 1056768K
  class space    used 569K, capacity 616K, committed 640K, reserved 1048576K
Event: 16.398 GC heap after
Heap after GC invocations=4 (full 0):
 PSYoungGen      total 138240K, used 5120K [0x00000000eab00000, 0x00000000f3700000, 0x0000000100000000)
  eden space 133120K, 0% used [0x00000000eab00000,0x00000000eab00000,0x00000000f2d00000)
  from space 5120K, 100% used [0x00000000f3200000,0x00000000f3700000,0x00000000f3700000)
  to   space 5120K, 0% used [0x00000000f2d00000,0x00000000f2d00000,0x00000000f3200000)
 ParOldGen       total 87552K, used 27679K [0x00000000c0000000, 0x00000000c5580000, 0x00000000eab00000)
  object space 87552K, 31% used [0x00000000c0000000,0x00000000c1b07c50,0x00000000c5580000)
 Metaspace       used 6001K, capacity 7152K, committed 7296K, reserved 1056768K
  class space    used 569K, capacity 616K, committed 640K, reserved 1048576K
}
Event: 19.070 GC heap before
{Heap before GC invocations=5 (full 0):
 PSYoungGen      total 138240K, used 138240K [0x00000000eab00000, 0x00000000f3700000, 0x0000000100000000)
  eden space 133120K, 100% used [0x00000000eab00000,0x00000000f2d00000,0x00000000f2d00000)
  from space 5120K, 100% used [0x00000000f3200000,0x00000000f3700000,0x00000000f3700000)
  to   space 5120K, 0% used [0x00000000f2d00000,0x00000000f2d00000,0x00000000f3200000)
 ParOldGen       total 87552K, used 27679K [0x00000000c0000000, 0x00000000c5580000, 0x00000000eab00000)
  object space 87552K, 31% used [0x00000000c0000000,0x00000000c1b07c50,0x00000000c5580000)
 Metaspace       used 6019K, capacity 7152K, committed 7296K, reserved 1056768K
  class space    used 571K, capacity 616K, committed 640K, reserved 1048576K
Event: 19.934 GC heap after
Heap after GC invocations=5 (full 0):
 PSYoungGen      total 138240K, used 5120K [0x00000000eab00000, 0x0000000100000000, 0x0000000100000000)
  eden space 133120K, 0% used [0x00000000eab00000,0x00000000eab00000,0x00000000f2d00000)
  from space 5120K, 100% used [0x00000000f2d00000,0x00000000f3200000,0x00000000f3200000)
  to   space 47104K, 0% used [0x00000000fd200000,0x00000000fd200000,0x0000000100000000)
 ParOldGen       total 87552K, used 76536K [0x00000000c0000000, 0x00000000c5580000, 0x00000000eab00000)
  object space 87552K, 87% used [0x00000000c0000000,0x00000000c4abe268,0x00000000c5580000)
 Metaspace       used 6019K, capacity 7152K, committed 7296K, reserved 1056768K
  class space    used 571K, capacity 616K, committed 640K, reserved 1048576K
}
Event: 19.935 GC heap before
{Heap before GC invocations=6 (full 1):
 PSYoungGen      total 138240K, used 5120K [0x00000000eab00000, 0x0000000100000000, 0x0000000100000000)
  eden space 133120K, 0% used [0x00000000eab00000,0x00000000eab00000,0x00000000f2d00000)
  from space 5120K, 100% used [0x00000000f2d00000,0x00000000f3200000,0x00000000f3200000)
  to   space 47104K, 0% used [0x00000000fd200000,0x00000000fd200000,0x0000000100000000)
 ParOldGen       total 87552K, used 76536K [0x00000000c0000000, 0x00000000c5580000, 0x00000000eab00000)
  object space 87552K, 87% used [0x00000000c0000000,0x00000000c4abe268,0x00000000c5580000)
 Metaspace       used 6019K, capacity 7152K, committed 7296K, reserved 1056768K
  class space    used 571K, capacity 616K, committed 640K, reserved 1048576K
Event: 24.125 GC heap after
Heap after GC invocations=6 (full 1):
 PSYoungGen      total 138240K, used 0K [0x00000000eab00000, 0x0000000100000000, 0x0000000100000000)
  eden space 133120K, 0% used [0x00000000eab00000,0x00000000eab00000,0x00000000f2d00000)
  from space 5120K, 0% used [0x00000000f2d00000,0x00000000f2d00000,0x00000000f3200000)
  to   space 47104K, 0% used [0x00000000fd200000,0x00000000fd200000,0x0000000100000000)
 ParOldGen       total 169472K, used 76676K [0x00000000c0000000, 0x00000000ca580000, 0x00000000eab00000)
  object space 169472K, 45% used [0x00000000c0000000,0x00000000c4ae1300,0x00000000ca580000)
 Metaspace       used 6019K, capacity 7152K, committed 7296K, reserved 1056768K
  class space    used 571K, capacity 616K, committed 640K, reserved 1048576K
}

Deoptimization events (10 events):
Event: 18.837 Thread 0x00000000025e0800 Uncommon trap: reason=class_check action=maybe_recompile pc=0x0000000002ac36b0 method=com.android.dx.ssa.back.InterferenceGraph.add(II)V @ 19
Event: 24.654 Thread 0x00000000025e0800 Uncommon trap: reason=class_check action=maybe_recompile pc=0x0000000002df4340 method=com.android.dx.ssa.back.InterferenceGraph.mergeInterferenceSet(ILcom/android/dx/util/IntSet;)V @ 20
Event: 24.654 Thread 0x00000000025e0800 Uncommon trap: reason=class_check action=maybe_recompile pc=0x0000000002dccb44 method=com.android.dx.util.BitIntSet.merge(Lcom/android/dx/util/IntSet;)V @ 1
Event: 24.655 Thread 0x00000000025e0800 Uncommon trap: reason=class_check action=maybe_recompile pc=0x0000000002df4340 method=com.android.dx.ssa.back.InterferenceGraph.mergeInterferenceSet(ILcom/android/dx/util/IntSet;)V @ 20
Event: 24.655 Thread 0x00000000025e0800 Uncommon trap: reason=class_check action=maybe_recompile pc=0x0000000002dccb44 method=com.android.dx.util.BitIntSet.merge(Lcom/android/dx/util/IntSet;)V @ 1
Event: 24.655 Thread 0x00000000025e0800 Uncommon trap: reason=class_check action=maybe_recompile pc=0x0000000002df4340 method=com.android.dx.ssa.back.InterferenceGraph.mergeInterferenceSet(ILcom/android/dx/util/IntSet;)V @ 20
Event: 24.655 Thread 0x00000000025e0800 Uncommon trap: reason=class_check action=maybe_recompile pc=0x0000000002dccb44 method=com.android.dx.util.BitIntSet.merge(Lcom/android/dx/util/IntSet;)V @ 1
Event: 24.663 Thread 0x00000000025e0800 Uncommon trap: reason=class_check action=maybe_recompile pc=0x0000000002df4340 method=com.android.dx.ssa.back.InterferenceGraph.mergeInterferenceSet(ILcom/android/dx/util/IntSet;)V @ 20
Event: 24.663 Thread 0x00000000025e0800 Uncommon trap: reason=class_check action=maybe_recompile pc=0x0000000002dccb44 method=com.android.dx.util.BitIntSet.merge(Lcom/android/dx/util/IntSet;)V @ 1
Event: 24.663 Thread 0x00000000025e0800 Uncommon trap: reason=class_check action=maybe_recompile pc=0x0000000002df8da4 method=com.android.dx.ssa.back.InterferenceGraph.mergeInterferenceSet(ILcom/android/dx/util/IntSet;)V @ 20

Internal exceptions (10 events):
Event: 3.540 Thread 0x00000000025e0800 Exception <a 'java/security/PrivilegedActionException'> (0x00000000eafc0aa8) thrown at [C:\workspace\8-2-build-windows-amd64-cygwin\jdk8u31\2394\hotspot\src\share\vm\prims\jvm.cpp, line 1312]
Event: 3.551 Thread 0x00000000025e0800 Exception <a 'java/security/PrivilegedActionException'> (0x00000000eb030f30) thrown at [C:\workspace\8-2-build-windows-amd64-cygwin\jdk8u31\2394\hotspot\src\share\vm\prims\jvm.cpp, line 1312]
Event: 4.723 Thread 0x00000000025e0800 Exception <a 'java/security/PrivilegedActionException'> (0x00000000ec32fa60) thrown at [C:\workspace\8-2-build-windows-amd64-cygwin\jdk8u31\2394\hotspot\src\share\vm\prims\jvm.cpp, line 1312]
Event: 7.436 Thread 0x00000000025e0800 Exception <a 'java/security/PrivilegedActionException'> (0x00000000ec02f2b0) thrown at [C:\workspace\8-2-build-windows-amd64-cygwin\jdk8u31\2394\hotspot\src\share\vm\prims\jvm.cpp, line 1312]
Event: 15.774 Thread 0x00000000025e0800 Exception <a 'java/lang/ArrayIndexOutOfBoundsException': 18> (0x00000000ec999f00) thrown at [C:\workspace\8-2-build-windows-amd64-cygwin\jdk8u31\2394\hotspot\src\share\vm\interpreter\interpreterRuntime.cpp, line 366]
Event: 15.787 Thread 0x00000000025e0800 Exception <a 'java/lang/ArrayIndexOutOfBoundsException'> (0x00000000ec99b998) thrown at [C:\workspace\8-2-build-windows-amd64-cygwin\jdk8u31\2394\hotspot\src\share\vm\runtime\sharedRuntime.cpp, line 604]
Event: 15.787 Thread 0x00000000025e0800 Exception <a 'java/lang/ArrayIndexOutOfBoundsException'> (0x00000000ec99cbb0) thrown at [C:\workspace\8-2-build-windows-amd64-cygwin\jdk8u31\2394\hotspot\src\share\vm\runtime\sharedRuntime.cpp, line 604]
Event: 16.689 Thread 0x00000000025e0800 Exception <a 'java/security/PrivilegedActionException'> (0x00000000ec6bc078) thrown at [C:\workspace\8-2-build-windows-amd64-cygwin\jdk8u31\2394\hotspot\src\share\vm\prims\jvm.cpp, line 1312]
Event: 17.893 Thread 0x00000000025e0800 Exception <a 'java/security/PrivilegedActionException'> (0x00000000f12a1e40) thrown at [C:\workspace\8-2-build-windows-amd64-cygwin\jdk8u31\2394\hotspot\src\share\vm\prims\jvm.cpp, line 1312]
Event: 17.917 Thread 0x00000000025e0800 Exception <a 'java/security/PrivilegedActionException'> (0x00000000f13d4858) thrown at [C:\workspace\8-2-build-windows-amd64-cygwin\jdk8u31\2394\hotspot\src\share\vm\prims\jvm.cpp, line 1312]

Events (10 events):
Event: 24.656 Thread 0x00000000025e0800 DEOPT UNPACKING pc=0x00000000027275bf sp=0x00000000025de7e0 mode 0
Event: 24.663 Thread 0x00000000025e0800 Uncommon trap: trap_request=0xffffffde fr.pc=0x0000000002df4340
Event: 24.663 Thread 0x00000000025e0800 DEOPT PACKING pc=0x0000000002df4340 sp=0x00000000025deab0
Event: 24.663 Thread 0x00000000025e0800 DEOPT UNPACKING pc=0x000000000272556a sp=0x00000000025de988 mode 2
Event: 24.663 Thread 0x00000000025e0800 Uncommon trap: trap_request=0xffffffde fr.pc=0x0000000002dccb44
Event: 24.663 Thread 0x00000000025e0800 DEOPT PACKING pc=0x0000000002dccb44 sp=0x00000000025de940
Event: 24.663 Thread 0x00000000025e0800 DEOPT UNPACKING pc=0x000000000272556a sp=0x00000000025de910 mode 2
Event: 24.663 Thread 0x00000000025e0800 Uncommon trap: trap_request=0xffffffde fr.pc=0x0000000002df8da4
Event: 24.663 Thread 0x00000000025e0800 DEOPT PACKING pc=0x0000000002df8da4 sp=0x00000000025de9e0
Event: 24.663 Thread 0x00000000025e0800 DEOPT UNPACKING pc=0x000000000272556a sp=0x00000000025de970 mode 2


Dynamic libraries:
0x00007ff795920000 - 0x00007ff795954000 	D:\Program Files\Java\jdk1.8.0_31\bin\java.exe
0x00007ffff2800000 - 0x00007ffff29ac000 	C:\Windows\SYSTEM32\ntdll.dll
0x00007fffeefa0000 - 0x00007fffef0de000 	C:\Windows\system32\KERNEL32.DLL
0x00007fffeea20000 - 0x00007fffeeb35000 	C:\Windows\system32\KERNELBASE.dll
0x00007fffed310000 - 0x00007fffed39e000 	C:\Windows\system32\apphelp.dll
0x00007fffd66c0000 - 0x00007fffd6713000 	C:\Windows\AppPatch\AppPatch64\AcGenral.DLL
0x00007fffeecb0000 - 0x00007fffeed5a000 	C:\Windows\system32\msvcrt.dll
0x00007fffee5a0000 - 0x00007fffee5ce000 	C:\Windows\SYSTEM32\SspiCli.dll
0x00007fffef510000 - 0x00007fffef564000 	C:\Windows\system32\SHLWAPI.dll
0x00007fffeee20000 - 0x00007fffeef97000 	C:\Windows\system32\USER32.dll
0x00007ffff13c0000 - 0x00007ffff1554000 	C:\Windows\system32\ole32.dll
0x00007fffefe20000 - 0x00007ffff1338000 	C:\Windows\system32\SHELL32.dll
0x00007fffee080000 - 0x00007fffee0a1000 	C:\Windows\SYSTEM32\USERENV.dll
0x00007fffef3f0000 - 0x00007fffef49a000 	C:\Windows\system32\ADVAPI32.dll
0x00007fffdfe30000 - 0x00007fffdfe4e000 	C:\Windows\SYSTEM32\MPR.dll
0x00007fffef6f0000 - 0x00007fffef831000 	C:\Windows\system32\RPCRT4.dll
0x00007ffff1350000 - 0x00007ffff13a9000 	C:\Windows\SYSTEM32\sechost.dll
0x00007fffef840000 - 0x00007fffefa51000 	C:\Windows\SYSTEM32\combase.dll
0x00007fffef570000 - 0x00007fffef6c1000 	C:\Windows\system32\GDI32.dll
0x00007fffee770000 - 0x00007fffee785000 	C:\Windows\SYSTEM32\profapi.dll
0x00007fffecce0000 - 0x00007fffecd92000 	C:\Windows\SYSTEM32\SHCORE.dll
0x00007fffefde0000 - 0x00007fffefe16000 	C:\Windows\system32\IMM32.DLL
0x00007fffefc80000 - 0x00007fffefdd2000 	C:\Windows\system32\MSCTF.dll
0x00007fffec3c0000 - 0x00007fffec63b000 	C:\Windows\WinSxS\amd64_microsoft.windows.common-controls_6595b64144ccf1df_6.0.9600.17415_none_6240486fecbd8abb\COMCTL32.dll
0x00007fffe1210000 - 0x00007fffe129d000 	C:\Program Files (x86)\AVG\AVG2015\avghooka.dll
0x000000006d1b0000 - 0x000000006d282000 	D:\Program Files\Java\jdk1.8.0_31\jre\bin\msvcr100.dll
0x000000006c950000 - 0x000000006d1aa000 	D:\Program Files\Java\jdk1.8.0_31\jre\bin\server\jvm.dll
0x00007fffe59c0000 - 0x00007fffe59c9000 	C:\Windows\SYSTEM32\WSOCK32.dll
0x00007fffea0a0000 - 0x00007fffea0c2000 	C:\Windows\SYSTEM32\WINMM.dll
0x00007fffeeca0000 - 0x00007fffeeca7000 	C:\Windows\system32\PSAPI.DLL
0x00007fffef2c0000 - 0x00007fffef31a000 	C:\Windows\system32\WS2_32.dll
0x00007fffe9ce0000 - 0x00007fffe9d0a000 	C:\Windows\SYSTEM32\WINMMBASE.dll
0x00007fffefa60000 - 0x00007fffefa69000 	C:\Windows\system32\NSI.dll
0x00007fffeec50000 - 0x00007fffeec9f000 	C:\Windows\SYSTEM32\cfgmgr32.dll
0x00007fffed590000 - 0x00007fffed5b8000 	C:\Windows\SYSTEM32\DEVOBJ.dll
0x000000006c940000 - 0x000000006c94f000 	D:\Program Files\Java\jdk1.8.0_31\jre\bin\verify.dll
0x000000006c910000 - 0x000000006c938000 	D:\Program Files\Java\jdk1.8.0_31\jre\bin\java.dll
0x000000006c8f0000 - 0x000000006c906000 	D:\Program Files\Java\jdk1.8.0_31\jre\bin\zip.dll

VM Arguments:
jvm_args: -Xmx1024M -Dfile.encoding=windows-1252 -Duser.country=GB -Duser.language=en -Duser.variant 
java_command: com.android.dx.command.Main --dex --output C:\Users\Qamaruz\IES2\app\build\intermediates\pre-dexed\debug\classes-3b9030b9e2805c44e0c67850d168c3fb9595967e.jar C:\Users\Qamaruz\IES2\app\build\intermediates\exploded-aar\com.google.android.gms\play-services-analytics\7.5.0\classes.jar
java_class_path (initial): C:\Users\Qamaruz\AppData\Local\Android\sdk\build-tools\22.0.1\lib\dx.jar
Launcher Type: SUN_STANDARD

Environment Variables:
PATH=C:\ProgramData\Oracle\Java\javapath;C:\Program Files (x86)\NVIDIA Corporation\PhysX\Common;C:\Program Files (x86)\Intel\iCLS Client\;C:\Program Files\Intel\iCLS Client\;C:\Windows\system32;C:\Windows;C:\Windows\System32\Wbem;C:\Windows\System32\WindowsPowerShell\v1.0\;C:\Program Files\Intel\Intel(R) Management Engine Components\DAL;C:\Program Files (x86)\Intel\Intel(R) Management Engine Components\DAL;C:\Program Files\Intel\Intel(R) Management Engine Components\IPT;C:\Program Files (x86)\Intel\Intel(R) Management Engine Components\IPT;C:\Program Files (x86)\Windows Live\Shared;C:\Program Files\Intel\WiFi\bin\;C:\Program Files\Common Files\Intel\WirelessCommon\;D:\Program Files (x86)\QuickTime\QTSystem\;D:\Program Files\Java\jdk1.8.0_31\bin;D:\wamp\bin\mysql\mysql5.6.17\bin;D:\Program Files\nodejs\;D:\Program Files (x86)\Git\cmd;C:\TDM-GCC-64\bin;C:\Program Files\Android\Android Studio\gradle\gradle-2.2.1\bin;C:\Program Files\Intel\WiFi\bin\;C:\Program Files\Common Files\Intel\WirelessCommon\;D:\Program Files (x86)\Nmap;C:\Users\Qamaruz\AppData\Roaming\npm
USERNAME=Qamaruz
OS=Windows_NT
PROCESSOR_IDENTIFIER=Intel64 Family 6 Model 60 Stepping 3, GenuineIntel



---------------  S Y S T E M  ---------------

OS: Windows 8.1 , 64 bit Build 9600 

CPU:total 8 (4 cores per cpu, 2 threads per core) family 6 model 60 stepping 3, cmov, cx8, fxsr, mmx, sse, sse2, sse3, ssse3, sse4.1, sse4.2, popcnt, avx, avx2, aes, clmul, erms, lzcnt, ht, tsc, tscinvbit, bmi1, bmi2

Memory: 4k page, physical 8300772k(2094924k free), swap 8300772k(5108k free)

vm_info: Java HotSpot(TM) 64-Bit Server VM (25.31-b07) for windows-amd64 JRE (1.8.0_31-b13), built on Dec 17 2014 21:00:28 by "java_re" with MS VC++ 10.0 (VS2010)

time: Fri Jun 05 11:01:15 2015
elapsed time: 24 seconds (0d 0h 0m 24s)

